Loading gcc/13.2.0-gcc-8.5.0-5hqhkwo
  Loading requirement: gcc-runtime/8.5.0-gcc-8.5.0-7fyorqa
    gmp/6.2.1-gcc-8.5.0-lrpcvy5 mpfr/4.2.1-gcc-8.5.0-ybeybcx
    mpc/1.3.1-gcc-8.5.0-cv2gjfw zlib-ng/2.1.6-gcc-8.5.0-ztbc5xt
    zstd/1.5.5-gcc-8.5.0-azepnn7
Currently Loaded Modulefiles:
 1) gcc-runtime/8.5.0-gcc-8.5.0-7fyorqa   5) zlib-ng/2.1.6-gcc-8.5.0-ztbc5xt  
 2) gmp/6.2.1-gcc-8.5.0-lrpcvy5           6) zstd/1.5.5-gcc-8.5.0-azepnn7     
 3) mpfr/4.2.1-gcc-8.5.0-ybeybcx          7) gcc/13.2.0-gcc-8.5.0-5hqhkwo     
 4) mpc/1.3.1-gcc-8.5.0-cv2gjfw          
rm -f *.o hist_seq hist_omp *.data
/apps/spack/opt/spack/linux-oracle8-haswell/gcc-8.5.0/gcc-13.2.0-5hqhkwos6l3mv7jxsxpwiab7zpjpimxr/bin/g++ -c -O3 -fopenmp hist_seq.cpp
/apps/spack/opt/spack/linux-oracle8-haswell/gcc-8.5.0/gcc-13.2.0-5hqhkwos6l3mv7jxsxpwiab7zpjpimxr/bin/g++ -c -O3 -fopenmp walltime.c
/apps/spack/opt/spack/linux-oracle8-haswell/gcc-8.5.0/gcc-13.2.0-5hqhkwos6l3mv7jxsxpwiab7zpjpimxr/bin/g++ -O3 -fopenmp hist_seq.o walltime.o -o hist_seq
/apps/spack/opt/spack/linux-oracle8-haswell/gcc-8.5.0/gcc-13.2.0-5hqhkwos6l3mv7jxsxpwiab7zpjpimxr/bin/g++ -c -O3 -fopenmp hist_omp.cpp
/apps/spack/opt/spack/linux-oracle8-haswell/gcc-8.5.0/gcc-13.2.0-5hqhkwos6l3mv7jxsxpwiab7zpjpimxr/bin/g++ -O3 -fopenmp hist_omp.o walltime.o -o hist_omp
=== Strong scaling ========================
dist_crit[0]=93, dist_mergeOut[0]=93, dist_atomic[0]=93
dist_crit[1]=3285, dist_mergeOut[1]=3285, dist_atomic[1]=3285
dist_crit[2]=85350, dist_mergeOut[2]=85350, dist_atomic[2]=85350
dist_crit[3]=1260714, dist_mergeOut[3]=1260714, dist_atomic[3]=1260714
dist_crit[4]=10871742, dist_mergeOut[4]=10871742, dist_atomic[4]=10871742
dist_crit[5]=54586161, dist_mergeOut[5]=54586161, dist_atomic[5]=54586161
dist_crit[6]=159818689, dist_mergeOut[6]=159818689, dist_atomic[6]=159818689
dist_crit[7]=273378693, dist_mergeOut[7]=273378693, dist_atomic[7]=273378693
dist_crit[8]=273376199, dist_mergeOut[8]=273376199, dist_atomic[8]=273376199
dist_crit[9]=159818437, dist_mergeOut[9]=159818437, dist_atomic[9]=159818437
dist_crit[10]=54574824, dist_mergeOut[10]=54574824, dist_atomic[10]=54574824
dist_crit[11]=10876078, dist_mergeOut[11]=10876078, dist_atomic[11]=10876078
dist_crit[12]=1261215, dist_mergeOut[12]=1261215, dist_atomic[12]=1261215
dist_crit[13]=85046, dist_mergeOut[13]=85046, dist_atomic[13]=85046
dist_crit[14]=3397, dist_mergeOut[14]=3397, dist_atomic[14]=3397
dist_crit[15]=77, dist_mergeOut[15]=77, dist_atomic[15]=77
Time Merge Critical: 0.830156 sec
Time Merge Out: 0.83129 sec
Time Atomic: 7.35368 sec
dist_crit[0]=93, dist_mergeOut[0]=93, dist_atomic[0]=93
dist_crit[1]=3285, dist_mergeOut[1]=3285, dist_atomic[1]=3285
dist_crit[2]=85350, dist_mergeOut[2]=85350, dist_atomic[2]=85350
dist_crit[3]=1260714, dist_mergeOut[3]=1260714, dist_atomic[3]=1260714
dist_crit[4]=10871742, dist_mergeOut[4]=10871742, dist_atomic[4]=10871742
dist_crit[5]=54586161, dist_mergeOut[5]=54586161, dist_atomic[5]=54586161
dist_crit[6]=159818689, dist_mergeOut[6]=159818689, dist_atomic[6]=159818689
dist_crit[7]=273378693, dist_mergeOut[7]=273378693, dist_atomic[7]=273378693
dist_crit[8]=273376199, dist_mergeOut[8]=273376199, dist_atomic[8]=273376199
dist_crit[9]=159818437, dist_mergeOut[9]=159818437, dist_atomic[9]=159818437
dist_crit[10]=54574824, dist_mergeOut[10]=54574824, dist_atomic[10]=54574824
dist_crit[11]=10876078, dist_mergeOut[11]=10876078, dist_atomic[11]=10876078
dist_crit[12]=1261215, dist_mergeOut[12]=1261215, dist_atomic[12]=1261215
dist_crit[13]=85046, dist_mergeOut[13]=85046, dist_atomic[13]=85046
dist_crit[14]=3397, dist_mergeOut[14]=3397, dist_atomic[14]=3397
dist_crit[15]=77, dist_mergeOut[15]=77, dist_atomic[15]=77
Time Merge Critical: 0.418189 sec
Time Merge Out: 0.602217 sec
Time Atomic: 20.857 sec
dist_crit[0]=93, dist_mergeOut[0]=93, dist_atomic[0]=93
dist_crit[1]=3285, dist_mergeOut[1]=3285, dist_atomic[1]=3285
dist_crit[2]=85350, dist_mergeOut[2]=85350, dist_atomic[2]=85350
dist_crit[3]=1260714, dist_mergeOut[3]=1260714, dist_atomic[3]=1260714
dist_crit[4]=10871742, dist_mergeOut[4]=10871742, dist_atomic[4]=10871742
dist_crit[5]=54586161, dist_mergeOut[5]=54586161, dist_atomic[5]=54586161
dist_crit[6]=159818689, dist_mergeOut[6]=159818689, dist_atomic[6]=159818689
dist_crit[7]=273378693, dist_mergeOut[7]=273378693, dist_atomic[7]=273378693
dist_crit[8]=273376199, dist_mergeOut[8]=273376199, dist_atomic[8]=273376199
dist_crit[9]=159818437, dist_mergeOut[9]=159818437, dist_atomic[9]=159818437
dist_crit[10]=54574824, dist_mergeOut[10]=54574824, dist_atomic[10]=54574824
dist_crit[11]=10876078, dist_mergeOut[11]=10876078, dist_atomic[11]=10876078
dist_crit[12]=1261215, dist_mergeOut[12]=1261215, dist_atomic[12]=1261215
dist_crit[13]=85046, dist_mergeOut[13]=85046, dist_atomic[13]=85046
dist_crit[14]=3397, dist_mergeOut[14]=3397, dist_atomic[14]=3397
dist_crit[15]=77, dist_mergeOut[15]=77, dist_atomic[15]=77
Time Merge Critical: 0.213161 sec
Time Merge Out: 0.376854 sec
Time Atomic: 57.786 sec
dist_crit[0]=93, dist_mergeOut[0]=93, dist_atomic[0]=93
dist_crit[1]=3285, dist_mergeOut[1]=3285, dist_atomic[1]=3285
dist_crit[2]=85350, dist_mergeOut[2]=85350, dist_atomic[2]=85350
dist_crit[3]=1260714, dist_mergeOut[3]=1260714, dist_atomic[3]=1260714
dist_crit[4]=10871742, dist_mergeOut[4]=10871742, dist_atomic[4]=10871742
dist_crit[5]=54586161, dist_mergeOut[5]=54586161, dist_atomic[5]=54586161
dist_crit[6]=159818689, dist_mergeOut[6]=159818689, dist_atomic[6]=159818689
dist_crit[7]=273378693, dist_mergeOut[7]=273378693, dist_atomic[7]=273378693
dist_crit[8]=273376199, dist_mergeOut[8]=273376199, dist_atomic[8]=273376199
dist_crit[9]=159818437, dist_mergeOut[9]=159818437, dist_atomic[9]=159818437
dist_crit[10]=54574824, dist_mergeOut[10]=54574824, dist_atomic[10]=54574824
dist_crit[11]=10876078, dist_mergeOut[11]=10876078, dist_atomic[11]=10876078
dist_crit[12]=1261215, dist_mergeOut[12]=1261215, dist_atomic[12]=1261215
dist_crit[13]=85046, dist_mergeOut[13]=85046, dist_atomic[13]=85046
dist_crit[14]=3397, dist_mergeOut[14]=3397, dist_atomic[14]=3397
dist_crit[15]=77, dist_mergeOut[15]=77, dist_atomic[15]=77
Time Merge Critical: 0.110422 sec
Time Merge Out: 0.217672 sec
Time Atomic: 17.538 sec
