-------------------------------------------------------------
STREAM version $Revision: 5.10 $
-------------------------------------------------------------
This system uses 8 bytes per array element.
-------------------------------------------------------------
Array size = 128000000 (elements), Offset = 0 (elements)
Memory per array = 976.6 MiB (= 1.0 GiB).
Total memory required = 2929.7 MiB (= 2.9 GiB).
Each kernel will be executed 20 times.
 The *best* time for each kernel (excluding the first iteration)
 will be used to compute the reported bandwidth.
-------------------------------------------------------------
Your clock granularity/precision appears to be 1 microseconds.
Each test below will take on the order of 116773 microseconds.
   (= 116773 clock ticks)
Increase the size of the arrays if this shows that
you are not getting at least 20 clock ticks per test.
-------------------------------------------------------------
WARNING -- The above is only a rough guideline.
For best results, please be sure you know the
precision of your system timer.
-------------------------------------------------------------
Function    Best Rate MB/s  Avg time     Min time     Max time
Copy:           19174.9     0.106875     0.106806     0.107031
Scale:          11261.5     0.181919     0.181859     0.182046
Add:            12303.3     0.249789     0.249689     0.249905
Triad:          12309.1     0.249664     0.249572     0.249827
-------------------------------------------------------------
Solution Validates: avg error less than 1.000000e-13 on all three arrays
-------------------------------------------------------------
