Loading gcc/13.2.0-gcc-8.5.0-5hqhkwo
  Loading requirement: gcc-runtime/8.5.0-gcc-8.5.0-7fyorqa
    gmp/6.2.1-gcc-8.5.0-lrpcvy5 mpfr/4.2.1-gcc-8.5.0-ybeybcx
    mpc/1.3.1-gcc-8.5.0-cv2gjfw zlib-ng/2.1.6-gcc-8.5.0-ztbc5xt
    zstd/1.5.5-gcc-8.5.0-azepnn7
rm -f main walltime.o   stats.o   data.o   operators.o   linalg.o   main.o output.*
/apps/spack/opt/spack/linux-oracle8-haswell/gcc-8.5.0/gcc-13.2.0-5hqhkwos6l3mv7jxsxpwiab7zpjpimxr/bin/g++ -O3 -fopenmp -c walltime.cpp 
/apps/spack/opt/spack/linux-oracle8-haswell/gcc-8.5.0/gcc-13.2.0-5hqhkwos6l3mv7jxsxpwiab7zpjpimxr/bin/g++ -O3 -fopenmp -c stats.cpp
/apps/spack/opt/spack/linux-oracle8-haswell/gcc-8.5.0/gcc-13.2.0-5hqhkwos6l3mv7jxsxpwiab7zpjpimxr/bin/g++ -O3 -fopenmp -c data.cpp
/apps/spack/opt/spack/linux-oracle8-haswell/gcc-8.5.0/gcc-13.2.0-5hqhkwos6l3mv7jxsxpwiab7zpjpimxr/bin/g++ -O3 -fopenmp -c operators.cpp
/apps/spack/opt/spack/linux-oracle8-haswell/gcc-8.5.0/gcc-13.2.0-5hqhkwos6l3mv7jxsxpwiab7zpjpimxr/bin/g++ -O3 -fopenmp -c linalg.cpp
/apps/spack/opt/spack/linux-oracle8-haswell/gcc-8.5.0/gcc-13.2.0-5hqhkwos6l3mv7jxsxpwiab7zpjpimxr/bin/g++ -O3 -fopenmp -c main.cpp
/apps/spack/opt/spack/linux-oracle8-haswell/gcc-8.5.0/gcc-13.2.0-5hqhkwos6l3mv7jxsxpwiab7zpjpimxr/bin/g++ -O3 -fopenmp walltime.o   stats.o   data.o   operators.o   linalg.o   main.o -o main 
------------------------------------------
Base resolution: n=64
==========================================
Running with base=64, computed N=64, NT=100, TF=0.005, threads=1
================================================================================
                      Welcome to mini-stencil!
version   :: C++ OpenMP
threads   :: 1
mesh      :: 64 * 64 dx = 0.015873
time      :: 100 time steps from 0 .. 0.005
iteration :: CG 300, Newton 50, tolerance 1e-06
================================================================================
--------------------------------------------------------------------------------
simulation took 0.0625123 seconds
1007 conjugate gradient iterations, at rate of 16108.8 iters/second
301 newton iterations
--------------------------------------------------------------------------------
### 1, 64, 100, 1007, 301, 0.0625123 ###
Goodbye!
==========================================
Running with base=64, computed N=91, NT=100, TF=0.005, threads=2
================================================================================
                      Welcome to mini-stencil!
version   :: C++ OpenMP
threads   :: 2
mesh      :: 91 * 91 dx = 0.0111111
time      :: 100 time steps from 0 .. 0.005
iteration :: CG 300, Newton 50, tolerance 1e-06
================================================================================
--------------------------------------------------------------------------------
simulation took 0.0965937 seconds
1196 conjugate gradient iterations, at rate of 12381.8 iters/second
300 newton iterations
--------------------------------------------------------------------------------
### 2, 91, 100, 1196, 300, 0.0965937 ###
Goodbye!
==========================================
Running with base=64, computed N=128, NT=100, TF=0.005, threads=4
================================================================================
                      Welcome to mini-stencil!
version   :: C++ OpenMP
threads   :: 4
mesh      :: 128 * 128 dx = 0.00787402
time      :: 100 time steps from 0 .. 0.005
iteration :: CG 300, Newton 50, tolerance 1e-06
================================================================================
--------------------------------------------------------------------------------
simulation took 0.127798 seconds
1511 conjugate gradient iterations, at rate of 11823.3 iters/second
300 newton iterations
--------------------------------------------------------------------------------
### 4, 128, 100, 1511, 300, 0.127798 ###
Goodbye!
==========================================
Running with base=64, computed N=181, NT=100, TF=0.005, threads=8
================================================================================
                      Welcome to mini-stencil!
version   :: C++ OpenMP
threads   :: 8
mesh      :: 181 * 181 dx = 0.00555556
time      :: 100 time steps from 0 .. 0.005
iteration :: CG 300, Newton 50, tolerance 1e-06
================================================================================
--------------------------------------------------------------------------------
simulation took 0.216288 seconds
2033 conjugate gradient iterations, at rate of 9399.52 iters/second
300 newton iterations
--------------------------------------------------------------------------------
### 8, 181, 100, 2033, 300, 0.216288 ###
Goodbye!
==========================================
Running with base=64, computed N=256, NT=100, TF=0.005, threads=16
================================================================================
                      Welcome to mini-stencil!
version   :: C++ OpenMP
threads   :: 16
mesh      :: 256 * 256 dx = 0.00392157
time      :: 100 time steps from 0 .. 0.005
iteration :: CG 300, Newton 50, tolerance 1e-06
================================================================================
--------------------------------------------------------------------------------
simulation took 0.362591 seconds
2784 conjugate gradient iterations, at rate of 7678.08 iters/second
300 newton iterations
--------------------------------------------------------------------------------
### 16, 256, 100, 2784, 300, 0.362591 ###
Goodbye!
------------------------------------------
Base resolution: n=128
==========================================
Running with base=128, computed N=128, NT=100, TF=0.005, threads=1
================================================================================
                      Welcome to mini-stencil!
version   :: C++ OpenMP
threads   :: 1
mesh      :: 128 * 128 dx = 0.00787402
time      :: 100 time steps from 0 .. 0.005
iteration :: CG 300, Newton 50, tolerance 1e-06
================================================================================
--------------------------------------------------------------------------------
simulation took 0.34529 seconds
1513 conjugate gradient iterations, at rate of 4381.82 iters/second
300 newton iterations
--------------------------------------------------------------------------------
### 1, 128, 100, 1513, 300, 0.34529 ###
Goodbye!
==========================================
Running with base=128, computed N=181, NT=100, TF=0.005, threads=2
================================================================================
                      Welcome to mini-stencil!
version   :: C++ OpenMP
threads   :: 2
mesh      :: 181 * 181 dx = 0.00555556
time      :: 100 time steps from 0 .. 0.005
iteration :: CG 300, Newton 50, tolerance 1e-06
================================================================================
--------------------------------------------------------------------------------
simulation took 0.48981 seconds
2032 conjugate gradient iterations, at rate of 4148.55 iters/second
300 newton iterations
--------------------------------------------------------------------------------
### 2, 181, 100, 2032, 300, 0.48981 ###
Goodbye!
==========================================
Running with base=128, computed N=256, NT=100, TF=0.005, threads=4
================================================================================
                      Welcome to mini-stencil!
version   :: C++ OpenMP
threads   :: 4
mesh      :: 256 * 256 dx = 0.00392157
time      :: 100 time steps from 0 .. 0.005
iteration :: CG 300, Newton 50, tolerance 1e-06
================================================================================
--------------------------------------------------------------------------------
simulation took 0.664294 seconds
2778 conjugate gradient iterations, at rate of 4181.88 iters/second
300 newton iterations
--------------------------------------------------------------------------------
### 4, 256, 100, 2778, 300, 0.664294 ###
Goodbye!
==========================================
Running with base=128, computed N=362, NT=100, TF=0.005, threads=8
================================================================================
                      Welcome to mini-stencil!
version   :: C++ OpenMP
threads   :: 8
mesh      :: 362 * 362 dx = 0.00277008
time      :: 100 time steps from 0 .. 0.005
iteration :: CG 300, Newton 50, tolerance 1e-06
================================================================================
--------------------------------------------------------------------------------
simulation took 0.984009 seconds
3850 conjugate gradient iterations, at rate of 3912.57 iters/second
300 newton iterations
--------------------------------------------------------------------------------
### 8, 362, 100, 3850, 300, 0.984009 ###
Goodbye!
==========================================
Running with base=128, computed N=512, NT=100, TF=0.005, threads=16
================================================================================
                      Welcome to mini-stencil!
version   :: C++ OpenMP
threads   :: 16
mesh      :: 512 * 512 dx = 0.00195695
time      :: 100 time steps from 0 .. 0.005
iteration :: CG 300, Newton 50, tolerance 1e-06
================================================================================
--------------------------------------------------------------------------------
simulation took 1.6227 seconds
5355 conjugate gradient iterations, at rate of 3300.06 iters/second
300 newton iterations
--------------------------------------------------------------------------------
### 16, 512, 100, 5355, 300, 1.6227 ###
Goodbye!
------------------------------------------
Base resolution: n=256
==========================================
Running with base=256, computed N=256, NT=100, TF=0.005, threads=1
================================================================================
                      Welcome to mini-stencil!
version   :: C++ OpenMP
threads   :: 1
mesh      :: 256 * 256 dx = 0.00392157
time      :: 100 time steps from 0 .. 0.005
iteration :: CG 300, Newton 50, tolerance 1e-06
================================================================================
--------------------------------------------------------------------------------
simulation took 2.31689 seconds
2782 conjugate gradient iterations, at rate of 1200.74 iters/second
300 newton iterations
--------------------------------------------------------------------------------
### 1, 256, 100, 2782, 300, 2.31689 ###
Goodbye!
==========================================
Running with base=256, computed N=362, NT=100, TF=0.005, threads=2
================================================================================
                      Welcome to mini-stencil!
version   :: C++ OpenMP
threads   :: 2
mesh      :: 362 * 362 dx = 0.00277008
time      :: 100 time steps from 0 .. 0.005
iteration :: CG 300, Newton 50, tolerance 1e-06
================================================================================
--------------------------------------------------------------------------------
simulation took 3.23943 seconds
3857 conjugate gradient iterations, at rate of 1190.64 iters/second
300 newton iterations
--------------------------------------------------------------------------------
### 2, 362, 100, 3857, 300, 3.23943 ###
Goodbye!
==========================================
Running with base=256, computed N=512, NT=100, TF=0.005, threads=4
================================================================================
                      Welcome to mini-stencil!
version   :: C++ OpenMP
threads   :: 4
mesh      :: 512 * 512 dx = 0.00195695
time      :: 100 time steps from 0 .. 0.005
iteration :: CG 300, Newton 50, tolerance 1e-06
================================================================================
--------------------------------------------------------------------------------
simulation took 4.55127 seconds
5363 conjugate gradient iterations, at rate of 1178.35 iters/second
300 newton iterations
--------------------------------------------------------------------------------
### 4, 512, 100, 5363, 300, 4.55127 ###
Goodbye!
==========================================
Running with base=256, computed N=724, NT=100, TF=0.005, threads=8
================================================================================
                      Welcome to mini-stencil!
version   :: C++ OpenMP
threads   :: 8
mesh      :: 724 * 724 dx = 0.00138313
time      :: 100 time steps from 0 .. 0.005
iteration :: CG 300, Newton 50, tolerance 1e-06
================================================================================
--------------------------------------------------------------------------------
simulation took 10.4903 seconds
7498 conjugate gradient iterations, at rate of 714.755 iters/second
301 newton iterations
--------------------------------------------------------------------------------
### 8, 724, 100, 7498, 301, 10.4903 ###
Goodbye!
==========================================
Running with base=256, computed N=1024, NT=100, TF=0.005, threads=16
================================================================================
                      Welcome to mini-stencil!
version   :: C++ OpenMP
threads   :: 16
mesh      :: 1024 * 1024 dx = 0.000977517
time      :: 100 time steps from 0 .. 0.005
iteration :: CG 300, Newton 50, tolerance 1e-06
================================================================================
--------------------------------------------------------------------------------
simulation took 22.2297 seconds
10517 conjugate gradient iterations, at rate of 473.105 iters/second
304 newton iterations
--------------------------------------------------------------------------------
### 16, 1024, 100, 10517, 304, 22.2297 ###
Goodbye!
