Currently Loaded Modulefiles:
 1) gcc-runtime/8.5.0-gcc-8.5.0-7fyorqa          
 2) gmp/6.2.1-gcc-8.5.0-lrpcvy5                  
 3) mpfr/4.2.1-gcc-8.5.0-ybeybcx                 
 4) mpc/1.3.1-gcc-8.5.0-cv2gjfw                  
 5) zlib-ng/2.1.6-gcc-8.5.0-ztbc5xt              
 6) zstd/1.5.5-gcc-8.5.0-azepnn7                 
 7) gcc/13.2.0-gcc-8.5.0-5hqhkwo                 
 8) libpciaccess/0.17-gcc-8.5.0-ng764nd          
 9) libiconv/1.17-gcc-8.5.0-rznbc3y              
10) xz/5.4.6-gcc-8.5.0-lmjjipf                   
11) libxml2/2.10.3-gcc-8.5.0-7kur2mf             
12) ncurses/6.4-gcc-8.5.0-njp6ntc                
13) hwloc/2.9.1-gcc-8.5.0-adhoagt                
14) intel-tbb/2021.9.0-gcc-8.5.0-momvuhw         
15) intel-oneapi-mkl/2024.0.0-gcc-8.5.0-3sxfbl3  
==== benchmark-naive ======================
# Description:	Naive, three-loop dgemm.

Size:       31	Gflop/s:     1.56	Percentage:    4.24
Size:       32	Gflop/s:     1.40	Percentage:    3.79
Size:       96	Gflop/s:     1.12	Percentage:    3.06
Size:       97	Gflop/s:     1.25	Percentage:    3.39
Size:      127	Gflop/s:     1.19	Percentage:    3.24
Size:      128	Gflop/s:     1.07	Percentage:    2.89
Size:      129	Gflop/s:     1.19	Percentage:    3.24
Size:      191	Gflop/s:     1.11	Percentage:    3.01
Size:      192	Gflop/s:     1.06	Percentage:    2.88
Size:      229	Gflop/s:     1.09	Percentage:    2.97
Size:      255	Gflop/s:     1.09	Percentage:    2.95
Size:      256	Gflop/s:     0.75	Percentage:    2.04
Size:      257	Gflop/s:     1.08	Percentage:    2.93
Size:      319	Gflop/s:     1.06	Percentage:    2.89
Size:      320	Gflop/s:     1.04	Percentage:    2.84
Size:      321	Gflop/s:     1.06	Percentage:    2.89
Size:      417	Gflop/s:     1.06	Percentage:    2.88
Size:      479	Gflop/s:     1.05	Percentage:    2.87
Size:      480	Gflop/s:     1.05	Percentage:    2.84
Size:      511	Gflop/s:     1.05	Percentage:    2.86
Size:      512	Gflop/s:     0.61	Percentage:    1.67
Size:      639	Gflop/s:     1.05	Percentage:    2.85
Size:      640	Gflop/s:     0.78	Percentage:    2.11
Size:      767	Gflop/s:     1.05	Percentage:    2.85
Size:      768	Gflop/s:     0.76	Percentage:    2.06
Size:      769	Gflop/s:     1.05	Percentage:    2.85
Size:      800	Gflop/s:     1.04	Percentage:    2.83
Size:      900	Gflop/s:     1.05	Percentage:    2.84
Size:     1000	Gflop/s:     1.04	Percentage:    2.84
Size:     1100	Gflop/s:     1.04	Percentage:    2.83
Size:     1200	Gflop/s:     1.04	Percentage:    2.83
# Average percentage of peak performance = 2.87899

==== benchmark-blas =======================
# Description:	Reference dgemm.

Size:       31	Gflop/s:    25.57	Percentage:   69.50
Size:       32	Gflop/s:    28.23	Percentage:   76.71
Size:       96	Gflop/s:    32.33	Percentage:   87.86
Size:       97	Gflop/s:    31.40	Percentage:   85.33
Size:      127	Gflop/s:    29.63	Percentage:   80.51
Size:      128	Gflop/s:    31.58	Percentage:   85.81
Size:      129	Gflop/s:    31.15	Percentage:   84.63
Size:      191	Gflop/s:    31.96	Percentage:   86.84
Size:      192	Gflop/s:    34.53	Percentage:   93.84
Size:      229	Gflop/s:    34.30	Percentage:   93.20
Size:      255	Gflop/s:    33.64	Percentage:   91.42
Size:      256	Gflop/s:    34.55	Percentage:   93.89
Size:      257	Gflop/s:    33.39	Percentage:   90.73
Size:      319	Gflop/s:    34.12	Percentage:   92.71
Size:      320	Gflop/s:    35.51	Percentage:   96.50
Size:      321	Gflop/s:    35.20	Percentage:   95.65
Size:      417	Gflop/s:    35.85	Percentage:   97.41
Size:      479	Gflop/s:    36.00	Percentage:   97.84
Size:      480	Gflop/s:    37.13	Percentage:  100.89
Size:      511	Gflop/s:    35.04	Percentage:   95.21
Size:      512	Gflop/s:    35.31	Percentage:   95.95
Size:      639	Gflop/s:    36.75	Percentage:   99.87
Size:      640	Gflop/s:    37.24	Percentage:  101.19
Size:      767	Gflop/s:    36.91	Percentage:  100.29
Size:      768	Gflop/s:    37.71	Percentage:  102.46
Size:      769	Gflop/s:    36.62	Percentage:   99.52
Size:      800	Gflop/s:    37.72	Percentage:  102.50
Size:      900	Gflop/s:    37.78	Percentage:  102.68
Size:     1000	Gflop/s:    37.67	Percentage:  102.36
Size:     1100	Gflop/s:    37.41	Percentage:  101.65
Size:     1200	Gflop/s:    37.62	Percentage:  102.22
# Average percentage of peak performance = 93.7791

==== benchmark-blocked ====================
# Description:	Blocked dgemm.

Size:       31	Gflop/s:     0.67	Percentage:    1.83
Size:       32	Gflop/s:     0.75	Percentage:    2.05
Size:       96	Gflop/s:     0.77	Percentage:    2.10
Size:       97	Gflop/s:     0.71	Percentage:    1.92
Size:      127	Gflop/s:     0.72	Percentage:    1.94
Size:      128	Gflop/s:     0.77	Percentage:    2.08
Size:      129	Gflop/s:     0.71	Percentage:    1.93
Size:      191	Gflop/s:     0.71	Percentage:    1.92
Size:      192	Gflop/s:     0.76	Percentage:    2.07
Size:      229	Gflop/s:     0.71	Percentage:    1.92
Size:      255	Gflop/s:     0.70	Percentage:    1.91
Size:      256	Gflop/s:     0.50	Percentage:    1.36
Size:      257	Gflop/s:     0.71	Percentage:    1.93
Size:      319	Gflop/s:     0.71	Percentage:    1.92
Size:      320	Gflop/s:     0.71	Percentage:    1.93
Size:      321	Gflop/s:     0.71	Percentage:    1.92
Size:      417	Gflop/s:     0.71	Percentage:    1.94
Size:      479	Gflop/s:     0.72	Percentage:    1.94
Size:      480	Gflop/s:     0.77	Percentage:    2.11
Size:      511	Gflop/s:     0.72	Percentage:    1.94
Size:      512	Gflop/s:     0.50	Percentage:    1.36
Size:      639	Gflop/s:     0.72	Percentage:    1.95
Size:      640	Gflop/s:     0.52	Percentage:    1.42
Size:      767	Gflop/s:     0.72	Percentage:    1.95
Size:      768	Gflop/s:     0.52	Percentage:    1.41
Size:      769	Gflop/s:     0.72	Percentage:    1.96
Size:      800	Gflop/s:     0.74	Percentage:    2.01
Size:      900	Gflop/s:     0.78	Percentage:    2.11
Size:     1000	Gflop/s:     0.78	Percentage:    2.11
Size:     1100	Gflop/s:     0.78	Percentage:    2.11
Size:     1200	Gflop/s:     0.77	Percentage:    2.10
# Average percentage of peak performance = 1.90792

==== plot results =========================
