Currently Loaded Modulefiles:
 1) gcc-runtime/8.5.0-gcc-8.5.0-7fyorqa          
 2) gmp/6.2.1-gcc-8.5.0-lrpcvy5                  
 3) mpfr/4.2.1-gcc-8.5.0-ybeybcx                 
 4) mpc/1.3.1-gcc-8.5.0-cv2gjfw                  
 5) zlib-ng/2.1.6-gcc-8.5.0-ztbc5xt              
 6) zstd/1.5.5-gcc-8.5.0-azepnn7                 
 7) gcc/13.2.0-gcc-8.5.0-5hqhkwo                 
 8) libpciaccess/0.17-gcc-8.5.0-ng764nd          
 9) libiconv/1.17-gcc-8.5.0-rznbc3y              
10) xz/5.4.6-gcc-8.5.0-lmjjipf                   
11) libxml2/2.10.3-gcc-8.5.0-7kur2mf             
12) ncurses/6.4-gcc-8.5.0-njp6ntc                
13) hwloc/2.9.1-gcc-8.5.0-adhoagt                
14) intel-tbb/2021.9.0-gcc-8.5.0-momvuhw         
15) intel-oneapi-mkl/2024.0.0-gcc-8.5.0-3sxfbl3  
==== benchmark-naive ======================
# Description:	Naive, three-loop dgemm.

Size:       31	Gflop/s:     1.56	Percentage:    4.24
Size:       32	Gflop/s:     1.40	Percentage:    3.79
Size:       96	Gflop/s:     1.13	Percentage:    3.07
Size:       97	Gflop/s:     1.25	Percentage:    3.39
Size:      127	Gflop/s:     1.19	Percentage:    3.24
Size:      128	Gflop/s:     1.06	Percentage:    2.89
Size:      129	Gflop/s:     1.19	Percentage:    3.24
Size:      191	Gflop/s:     1.11	Percentage:    3.01
Size:      192	Gflop/s:     1.07	Percentage:    2.90
Size:      229	Gflop/s:     1.09	Percentage:    2.97
Size:      255	Gflop/s:     1.09	Percentage:    2.96
Size:      256	Gflop/s:     0.76	Percentage:    2.06
Size:      257	Gflop/s:     1.08	Percentage:    2.93
Size:      319	Gflop/s:     1.06	Percentage:    2.89
Size:      320	Gflop/s:     1.05	Percentage:    2.86
Size:      321	Gflop/s:     1.06	Percentage:    2.89
Size:      417	Gflop/s:     1.06	Percentage:    2.87
Size:      479	Gflop/s:     1.06	Percentage:    2.87
Size:      480	Gflop/s:     1.05	Percentage:    2.85
Size:      511	Gflop/s:     1.05	Percentage:    2.86
Size:      512	Gflop/s:     0.65	Percentage:    1.76
Size:      639	Gflop/s:     1.05	Percentage:    2.85
Size:      640	Gflop/s:     0.78	Percentage:    2.12
Size:      767	Gflop/s:     1.05	Percentage:    2.85
Size:      768	Gflop/s:     0.76	Percentage:    2.08
Size:      769	Gflop/s:     1.05	Percentage:    2.85
Size:      800	Gflop/s:     1.04	Percentage:    2.83
Size:      900	Gflop/s:     1.05	Percentage:    2.84
Size:     1000	Gflop/s:     1.04	Percentage:    2.84
Size:     1100	Gflop/s:     1.04	Percentage:    2.83
Size:     1200	Gflop/s:     1.04	Percentage:    2.83
# Average percentage of peak performance = 2.88617

==== benchmark-blas =======================
# Description:	Reference dgemm.

Size:       31	Gflop/s:    25.28	Percentage:   68.69
Size:       32	Gflop/s:    27.96	Percentage:   75.99
Size:       96	Gflop/s:    31.83	Percentage:   86.51
Size:       97	Gflop/s:    31.59	Percentage:   85.83
Size:      127	Gflop/s:    29.47	Percentage:   80.08
Size:      128	Gflop/s:    31.60	Percentage:   85.86
Size:      129	Gflop/s:    31.17	Percentage:   84.69
Size:      191	Gflop/s:    31.96	Percentage:   86.85
Size:      192	Gflop/s:    34.58	Percentage:   93.98
Size:      229	Gflop/s:    34.34	Percentage:   93.31
Size:      255	Gflop/s:    33.66	Percentage:   91.46
Size:      256	Gflop/s:    34.61	Percentage:   94.06
Size:      257	Gflop/s:    33.35	Percentage:   90.63
Size:      319	Gflop/s:    34.18	Percentage:   92.88
Size:      320	Gflop/s:    35.49	Percentage:   96.43
Size:      321	Gflop/s:    35.28	Percentage:   95.86
Size:      417	Gflop/s:    35.91	Percentage:   97.59
Size:      479	Gflop/s:    35.85	Percentage:   97.43
Size:      480	Gflop/s:    37.00	Percentage:  100.54
Size:      511	Gflop/s:    35.05	Percentage:   95.26
Size:      512	Gflop/s:    35.31	Percentage:   95.96
Size:      639	Gflop/s:    36.67	Percentage:   99.65
Size:      640	Gflop/s:    37.19	Percentage:  101.05
Size:      767	Gflop/s:    36.89	Percentage:  100.24
Size:      768	Gflop/s:    37.69	Percentage:  102.43
Size:      769	Gflop/s:    36.61	Percentage:   99.50
Size:      800	Gflop/s:    37.73	Percentage:  102.53
Size:      900	Gflop/s:    37.75	Percentage:  102.58
Size:     1000	Gflop/s:    37.71	Percentage:  102.47
Size:     1100	Gflop/s:    37.49	Percentage:  101.88
Size:     1200	Gflop/s:    37.63	Percentage:  102.26
# Average percentage of peak performance = 93.6925

==== benchmark-blocked ====================
# Description:	Blocked dgemm.

Size:       31	Gflop/s:     1.42	Percentage:    3.87
Size:       32	Gflop/s:     1.57	Percentage:    4.27
Size:       96	Gflop/s:     1.59	Percentage:    4.32
Size:       97	Gflop/s:     1.44	Percentage:    3.92
Size:      127	Gflop/s:     1.47	Percentage:    3.99
Size:      128	Gflop/s:     1.56	Percentage:    4.23
Size:      129	Gflop/s:     1.43	Percentage:    3.90
Size:      191	Gflop/s:     1.43	Percentage:    3.89
Size:      192	Gflop/s:     1.55	Percentage:    4.22
Size:      229	Gflop/s:     1.43	Percentage:    3.88
Size:      255	Gflop/s:     1.42	Percentage:    3.85
Size:      256	Gflop/s:     1.28	Percentage:    3.48
Size:      257	Gflop/s:     1.44	Percentage:    3.92
Size:      319	Gflop/s:     1.43	Percentage:    3.89
Size:      320	Gflop/s:     1.53	Percentage:    4.16
Size:      321	Gflop/s:     1.43	Percentage:    3.88
Size:      417	Gflop/s:     1.45	Percentage:    3.93
Size:      479	Gflop/s:     1.45	Percentage:    3.95
Size:      480	Gflop/s:     1.58	Percentage:    4.30
Size:      511	Gflop/s:     1.44	Percentage:    3.92
Size:      512	Gflop/s:     1.19	Percentage:    3.23
Size:      639	Gflop/s:     1.46	Percentage:    3.97
Size:      640	Gflop/s:     1.32	Percentage:    3.59
Size:      767	Gflop/s:     1.46	Percentage:    3.97
Size:      768	Gflop/s:     1.28	Percentage:    3.49
Size:      769	Gflop/s:     1.46	Percentage:    3.98
Size:      800	Gflop/s:     1.51	Percentage:    4.12
Size:      900	Gflop/s:     1.59	Percentage:    4.33
Size:     1000	Gflop/s:     1.58	Percentage:    4.30
Size:     1100	Gflop/s:     1.58	Percentage:    4.29
Size:     1200	Gflop/s:     1.53	Percentage:    4.16
# Average percentage of peak performance = 3.97387

==== plot results =========================
