Currently Loaded Modulefiles:
 1) gcc-runtime/8.5.0-gcc-8.5.0-7fyorqa          
 2) gmp/6.2.1-gcc-8.5.0-lrpcvy5                  
 3) mpfr/4.2.1-gcc-8.5.0-ybeybcx                 
 4) mpc/1.3.1-gcc-8.5.0-cv2gjfw                  
 5) zlib-ng/2.1.6-gcc-8.5.0-ztbc5xt              
 6) zstd/1.5.5-gcc-8.5.0-azepnn7                 
 7) gcc/13.2.0-gcc-8.5.0-5hqhkwo                 
 8) libpciaccess/0.17-gcc-8.5.0-ng764nd          
 9) libiconv/1.17-gcc-8.5.0-rznbc3y              
10) xz/5.4.6-gcc-8.5.0-lmjjipf                   
11) libxml2/2.10.3-gcc-8.5.0-7kur2mf             
12) ncurses/6.4-gcc-8.5.0-njp6ntc                
13) hwloc/2.9.1-gcc-8.5.0-adhoagt                
14) intel-tbb/2021.9.0-gcc-8.5.0-momvuhw         
15) intel-oneapi-mkl/2024.0.0-gcc-8.5.0-3sxfbl3  
==== benchmark-naive ======================
# Description:	Naive, three-loop dgemm.

Size:       31	Gflop/s:     1.56	Percentage:    4.24
Size:       32	Gflop/s:     1.39	Percentage:    3.77
Size:       96	Gflop/s:     1.13	Percentage:    3.07
Size:       97	Gflop/s:     1.25	Percentage:    3.39
Size:      127	Gflop/s:     1.19	Percentage:    3.24
Size:      128	Gflop/s:     1.07	Percentage:    2.90
Size:      129	Gflop/s:     1.19	Percentage:    3.24
Size:      191	Gflop/s:     1.11	Percentage:    3.01
Size:      192	Gflop/s:     1.06	Percentage:    2.88
Size:      229	Gflop/s:     1.09	Percentage:    2.97
Size:      255	Gflop/s:     1.09	Percentage:    2.95
Size:      256	Gflop/s:     0.75	Percentage:    2.04
Size:      257	Gflop/s:     1.09	Percentage:    2.95
Size:      319	Gflop/s:     1.06	Percentage:    2.89
Size:      320	Gflop/s:     1.05	Percentage:    2.85
Size:      321	Gflop/s:     1.06	Percentage:    2.89
Size:      417	Gflop/s:     1.06	Percentage:    2.88
Size:      479	Gflop/s:     1.05	Percentage:    2.87
Size:      480	Gflop/s:     1.05	Percentage:    2.85
Size:      511	Gflop/s:     1.05	Percentage:    2.86
Size:      512	Gflop/s:     0.64	Percentage:    1.73
Size:      639	Gflop/s:     1.05	Percentage:    2.85
Size:      640	Gflop/s:     0.78	Percentage:    2.11
Size:      767	Gflop/s:     1.05	Percentage:    2.85
Size:      768	Gflop/s:     0.76	Percentage:    2.07
Size:      769	Gflop/s:     1.05	Percentage:    2.85
Size:      800	Gflop/s:     1.04	Percentage:    2.83
Size:      900	Gflop/s:     1.05	Percentage:    2.84
Size:     1000	Gflop/s:     1.04	Percentage:    2.84
Size:     1100	Gflop/s:     1.04	Percentage:    2.83
Size:     1200	Gflop/s:     1.04	Percentage:    2.83
# Average percentage of peak performance = 2.88309

==== benchmark-blas =======================
# Description:	Reference dgemm.

Size:       31	Gflop/s:    25.55	Percentage:   69.44
Size:       32	Gflop/s:    28.10	Percentage:   76.35
Size:       96	Gflop/s:    32.38	Percentage:   87.99
Size:       97	Gflop/s:    31.65	Percentage:   86.01
Size:      127	Gflop/s:    29.92	Percentage:   81.32
Size:      128	Gflop/s:    31.67	Percentage:   86.07
Size:      129	Gflop/s:    31.52	Percentage:   85.64
Size:      191	Gflop/s:    31.96	Percentage:   86.84
Size:      192	Gflop/s:    34.54	Percentage:   93.85
Size:      229	Gflop/s:    34.35	Percentage:   93.35
Size:      255	Gflop/s:    33.69	Percentage:   91.54
Size:      256	Gflop/s:    34.62	Percentage:   94.08
Size:      257	Gflop/s:    33.33	Percentage:   90.56
Size:      319	Gflop/s:    34.10	Percentage:   92.66
Size:      320	Gflop/s:    35.49	Percentage:   96.43
Size:      321	Gflop/s:    35.20	Percentage:   95.65
Size:      417	Gflop/s:    35.89	Percentage:   97.54
Size:      479	Gflop/s:    35.99	Percentage:   97.80
Size:      480	Gflop/s:    37.07	Percentage:  100.73
Size:      511	Gflop/s:    35.04	Percentage:   95.22
Size:      512	Gflop/s:    35.32	Percentage:   95.98
Size:      639	Gflop/s:    36.77	Percentage:   99.92
Size:      640	Gflop/s:    37.22	Percentage:  101.15
Size:      767	Gflop/s:    36.87	Percentage:  100.19
Size:      768	Gflop/s:    37.66	Percentage:  102.32
Size:      769	Gflop/s:    36.66	Percentage:   99.62
Size:      800	Gflop/s:    37.74	Percentage:  102.55
Size:      900	Gflop/s:    37.74	Percentage:  102.55
Size:     1000	Gflop/s:    37.61	Percentage:  102.19
Size:     1100	Gflop/s:    37.41	Percentage:  101.67
Size:     1200	Gflop/s:    37.66	Percentage:  102.34
# Average percentage of peak performance = 93.8554

==== benchmark-blocked ====================
# Description:	Blocked dgemm.

Size:       31	Gflop/s:     2.01	Percentage:    5.47
Size:       32	Gflop/s:     1.72	Percentage:    4.67
Size:       96	Gflop/s:     1.71	Percentage:    4.66
Size:       97	Gflop/s:     2.33	Percentage:    6.32
Size:      127	Gflop/s:     2.42	Percentage:    6.59
Size:      128	Gflop/s:     1.45	Percentage:    3.95
Size:      129	Gflop/s:     2.32	Percentage:    6.29
Size:      191	Gflop/s:     2.41	Percentage:    6.54
Size:      192	Gflop/s:     1.54	Percentage:    4.18
Size:      229	Gflop/s:     2.39	Percentage:    6.49
Size:      255	Gflop/s:     2.30	Percentage:    6.26
Size:      256	Gflop/s:     1.29	Percentage:    3.52
Size:      257	Gflop/s:     2.35	Percentage:    6.40
Size:      319	Gflop/s:     2.45	Percentage:    6.64
Size:      320	Gflop/s:     1.54	Percentage:    4.17
Size:      321	Gflop/s:     2.43	Percentage:    6.61
Size:      417	Gflop/s:     2.45	Percentage:    6.66
Size:      479	Gflop/s:     2.44	Percentage:    6.63
Size:      480	Gflop/s:     1.70	Percentage:    4.62
Size:      511	Gflop/s:     2.31	Percentage:    6.27
Size:      512	Gflop/s:     0.94	Percentage:    2.56
Size:      639	Gflop/s:     2.44	Percentage:    6.62
Size:      640	Gflop/s:     1.45	Percentage:    3.93
Size:      767	Gflop/s:     2.38	Percentage:    6.46
Size:      768	Gflop/s:     1.29	Percentage:    3.52
Size:      769	Gflop/s:     2.38	Percentage:    6.47
Size:      800	Gflop/s:     1.70	Percentage:    4.62
Size:      900	Gflop/s:     2.42	Percentage:    6.58
Size:     1000	Gflop/s:     2.27	Percentage:    6.16
Size:     1100	Gflop/s:     2.41	Percentage:    6.55
Size:     1200	Gflop/s:     2.02	Percentage:    5.48
# Average percentage of peak performance = 5.54511

==== benchmark-blocked-omp ====================
# Description:	Blocked dgemm + OpenMP

Size:       31	Gflop/s:     2.17	Percentage:    5.91
Size:       32	Gflop/s:     2.34	Percentage:    6.35
Size:       96	Gflop/s:     2.38	Percentage:    6.46
Size:       97	Gflop/s:     2.28	Percentage:    6.19
Size:      127	Gflop/s:     2.39	Percentage:    6.48
Size:      128	Gflop/s:     2.34	Percentage:    6.35
Size:      129	Gflop/s:     2.27	Percentage:    6.16
Size:      191	Gflop/s:     2.32	Percentage:    6.29
Size:      192	Gflop/s:     2.36	Percentage:    6.42
Size:      229	Gflop/s:     2.32	Percentage:    6.29
Size:      255	Gflop/s:     2.26	Percentage:    6.15
Size:      256	Gflop/s:     1.91	Percentage:    5.18
Size:      257	Gflop/s:     2.29	Percentage:    6.22
Size:      319	Gflop/s:     2.27	Percentage:    6.17
Size:      320	Gflop/s:     2.31	Percentage:    6.28
Size:      321	Gflop/s:     2.26	Percentage:    6.13
Size:      417	Gflop/s:     2.24	Percentage:    6.09
Size:      479	Gflop/s:     2.24	Percentage:    6.09
Size:      480	Gflop/s:     2.30	Percentage:    6.25
Size:      511	Gflop/s:     2.14	Percentage:    5.81
Size:      512	Gflop/s:     1.34	Percentage:    3.65
Size:      639	Gflop/s:     2.25	Percentage:    6.12
Size:      640	Gflop/s:     2.28	Percentage:    6.20
Size:      767	Gflop/s:     2.24	Percentage:    6.07
Size:      768	Gflop/s:     1.89	Percentage:    5.14
Size:      769	Gflop/s:     2.22	Percentage:    6.03
Size:      800	Gflop/s:     2.30	Percentage:    6.24
Size:      900	Gflop/s:     2.25	Percentage:    6.12
Size:     1000	Gflop/s:     2.25	Percentage:    6.12
Size:     1100	Gflop/s:     2.25	Percentage:    6.11
Size:     1200	Gflop/s:     2.26	Percentage:    6.15
# Average percentage of peak performance = 6.03958

==== plot results =========================
