Currently Loaded Modulefiles:
 1) gcc-runtime/8.5.0-gcc-8.5.0-7fyorqa          
 2) gmp/6.2.1-gcc-8.5.0-lrpcvy5                  
 3) mpfr/4.2.1-gcc-8.5.0-ybeybcx                 
 4) mpc/1.3.1-gcc-8.5.0-cv2gjfw                  
 5) zlib-ng/2.1.6-gcc-8.5.0-ztbc5xt              
 6) zstd/1.5.5-gcc-8.5.0-azepnn7                 
 7) gcc/13.2.0-gcc-8.5.0-5hqhkwo                 
 8) libpciaccess/0.17-gcc-8.5.0-ng764nd          
 9) libiconv/1.17-gcc-8.5.0-rznbc3y              
10) xz/5.4.6-gcc-8.5.0-lmjjipf                   
11) libxml2/2.10.3-gcc-8.5.0-7kur2mf             
12) ncurses/6.4-gcc-8.5.0-njp6ntc                
13) hwloc/2.9.1-gcc-8.5.0-adhoagt                
14) intel-tbb/2021.9.0-gcc-8.5.0-momvuhw         
15) intel-oneapi-mkl/2024.0.0-gcc-8.5.0-3sxfbl3  
==== benchmark-naive ======================
# Description:	Naive, three-loop dgemm.

Size:       31	Gflop/s:     1.56	Percentage:    4.24
Size:       32	Gflop/s:     1.39	Percentage:    3.78
Size:       96	Gflop/s:     1.13	Percentage:    3.07
Size:       97	Gflop/s:     1.25	Percentage:    3.39
Size:      127	Gflop/s:     1.19	Percentage:    3.24
Size:      128	Gflop/s:     1.07	Percentage:    2.90
Size:      129	Gflop/s:     1.19	Percentage:    3.24
Size:      191	Gflop/s:     1.11	Percentage:    3.01
Size:      192	Gflop/s:     1.06	Percentage:    2.89
Size:      229	Gflop/s:     1.09	Percentage:    2.97
Size:      255	Gflop/s:     1.09	Percentage:    2.95
Size:      256	Gflop/s:     0.75	Percentage:    2.04
Size:      257	Gflop/s:     1.09	Percentage:    2.95
Size:      319	Gflop/s:     1.06	Percentage:    2.89
Size:      320	Gflop/s:     1.05	Percentage:    2.84
Size:      321	Gflop/s:     1.06	Percentage:    2.89
Size:      417	Gflop/s:     1.06	Percentage:    2.88
Size:      479	Gflop/s:     1.05	Percentage:    2.87
Size:      480	Gflop/s:     1.05	Percentage:    2.84
Size:      511	Gflop/s:     1.05	Percentage:    2.86
Size:      512	Gflop/s:     0.62	Percentage:    1.70
Size:      639	Gflop/s:     1.05	Percentage:    2.85
Size:      640	Gflop/s:     0.78	Percentage:    2.11
Size:      767	Gflop/s:     1.05	Percentage:    2.85
Size:      768	Gflop/s:     0.76	Percentage:    2.06
Size:      769	Gflop/s:     1.05	Percentage:    2.85
Size:      800	Gflop/s:     1.04	Percentage:    2.83
Size:      900	Gflop/s:     1.05	Percentage:    2.84
Size:     1000	Gflop/s:     1.04	Percentage:    2.84
Size:     1100	Gflop/s:     1.04	Percentage:    2.83
Size:     1200	Gflop/s:     1.04	Percentage:    2.83
# Average percentage of peak performance = 2.88202

==== benchmark-blas =======================
# Description:	Reference dgemm.

Size:       31	Gflop/s:    25.69	Percentage:   69.82
Size:       32	Gflop/s:    28.11	Percentage:   76.37
Size:       96	Gflop/s:    32.27	Percentage:   87.70
Size:       97	Gflop/s:    31.44	Percentage:   85.42
Size:      127	Gflop/s:    29.59	Percentage:   80.40
Size:      128	Gflop/s:    31.61	Percentage:   85.90
Size:      129	Gflop/s:    31.32	Percentage:   85.12
Size:      191	Gflop/s:    32.00	Percentage:   86.97
Size:      192	Gflop/s:    34.48	Percentage:   93.69
Size:      229	Gflop/s:    34.36	Percentage:   93.37
Size:      255	Gflop/s:    33.67	Percentage:   91.50
Size:      256	Gflop/s:    34.60	Percentage:   94.02
Size:      257	Gflop/s:    33.45	Percentage:   90.88
Size:      319	Gflop/s:    34.14	Percentage:   92.77
Size:      320	Gflop/s:    35.54	Percentage:   96.57
Size:      321	Gflop/s:    35.25	Percentage:   95.79
Size:      417	Gflop/s:    35.90	Percentage:   97.56
Size:      479	Gflop/s:    35.96	Percentage:   97.72
Size:      480	Gflop/s:    37.08	Percentage:  100.75
Size:      511	Gflop/s:    35.03	Percentage:   95.18
Size:      512	Gflop/s:    35.23	Percentage:   95.74
Size:      639	Gflop/s:    36.73	Percentage:   99.82
Size:      640	Gflop/s:    37.21	Percentage:  101.12
Size:      767	Gflop/s:    36.92	Percentage:  100.32
Size:      768	Gflop/s:    37.65	Percentage:  102.31
Size:      769	Gflop/s:    36.66	Percentage:   99.61
Size:      800	Gflop/s:    37.69	Percentage:  102.41
Size:      900	Gflop/s:    37.75	Percentage:  102.58
Size:     1000	Gflop/s:    37.64	Percentage:  102.28
Size:     1100	Gflop/s:    37.43	Percentage:  101.71
Size:     1200	Gflop/s:    37.66	Percentage:  102.33
# Average percentage of peak performance = 93.7981

==== benchmark-blocked ====================
# Description:	Blocked dgemm.

Size:       31	Gflop/s:     1.42	Percentage:    3.87
Size:       32	Gflop/s:     1.57	Percentage:    4.27
Size:       96	Gflop/s:     1.59	Percentage:    4.32
Size:       97	Gflop/s:     1.44	Percentage:    3.92
Size:      127	Gflop/s:     1.47	Percentage:    3.99
Size:      128	Gflop/s:     1.56	Percentage:    4.23
Size:      129	Gflop/s:     1.43	Percentage:    3.90
Size:      191	Gflop/s:     1.43	Percentage:    3.88
Size:      192	Gflop/s:     1.54	Percentage:    4.19
Size:      229	Gflop/s:     1.43	Percentage:    3.88
Size:      255	Gflop/s:     1.42	Percentage:    3.85
Size:      256	Gflop/s:     1.25	Percentage:    3.39
Size:      257	Gflop/s:     1.44	Percentage:    3.91
Size:      319	Gflop/s:     1.43	Percentage:    3.88
Size:      320	Gflop/s:     1.42	Percentage:    3.85
Size:      321	Gflop/s:     1.43	Percentage:    3.88
Size:      417	Gflop/s:     1.45	Percentage:    3.93
Size:      479	Gflop/s:     1.45	Percentage:    3.94
Size:      480	Gflop/s:     1.53	Percentage:    4.16
Size:      511	Gflop/s:     1.44	Percentage:    3.91
Size:      512	Gflop/s:     1.16	Percentage:    3.17
Size:      639	Gflop/s:     1.46	Percentage:    3.97
Size:      640	Gflop/s:     1.31	Percentage:    3.55
Size:      767	Gflop/s:     1.46	Percentage:    3.97
Size:      768	Gflop/s:     1.27	Percentage:    3.46
Size:      769	Gflop/s:     1.46	Percentage:    3.98
Size:      800	Gflop/s:     1.45	Percentage:    3.94
Size:      900	Gflop/s:     1.58	Percentage:    4.31
Size:     1000	Gflop/s:     1.57	Percentage:    4.26
Size:     1100	Gflop/s:     1.57	Percentage:    4.26
Size:     1200	Gflop/s:     1.51	Percentage:    4.11
# Average percentage of peak performance = 3.93897

==== benchmark-blocked-omp ====================
# Description:	Blocked dgemm + OpenMP

Size:       31	Gflop/s:     1.54	Percentage:    4.18
Size:       32	Gflop/s:     1.62	Percentage:    4.40
Size:       96	Gflop/s:     1.61	Percentage:    4.37
Size:       97	Gflop/s:     1.59	Percentage:    4.31
Size:      127	Gflop/s:     1.63	Percentage:    4.42
Size:      128	Gflop/s:     1.53	Percentage:    4.16
Size:      129	Gflop/s:     1.55	Percentage:    4.22
Size:      191	Gflop/s:     1.53	Percentage:    4.17
Size:      192	Gflop/s:     1.52	Percentage:    4.13
Size:      229	Gflop/s:     1.54	Percentage:    4.17
Size:      255	Gflop/s:     1.53	Percentage:    4.15
Size:      256	Gflop/s:     1.24	Percentage:    3.36
Size:      257	Gflop/s:     1.54	Percentage:    4.20
Size:      319	Gflop/s:     1.54	Percentage:    4.20
Size:      320	Gflop/s:     1.49	Percentage:    4.04
Size:      321	Gflop/s:     1.55	Percentage:    4.20
Size:      417	Gflop/s:     1.58	Percentage:    4.28
Size:      479	Gflop/s:     1.58	Percentage:    4.30
Size:      480	Gflop/s:     1.55	Percentage:    4.21
Size:      511	Gflop/s:     1.55	Percentage:    4.21
Size:      512	Gflop/s:     1.18	Percentage:    3.21
Size:      639	Gflop/s:     1.57	Percentage:    4.26
Size:      640	Gflop/s:     1.24	Percentage:    3.37
Size:      767	Gflop/s:     1.53	Percentage:    4.16
Size:      768	Gflop/s:     1.23	Percentage:    3.34
Size:      769	Gflop/s:     1.54	Percentage:    4.18
Size:      800	Gflop/s:     1.45	Percentage:    3.95
Size:      900	Gflop/s:     1.37	Percentage:    3.72
Size:     1000	Gflop/s:     1.36	Percentage:    3.68
Size:     1100	Gflop/s:     1.27	Percentage:    3.45
Size:     1200	Gflop/s:     1.24	Percentage:    3.37
# Average percentage of peak performance = 4.01183

==== plot results =========================
