Currently Loaded Modulefiles:
 1) gcc-runtime/8.5.0-gcc-8.5.0-7fyorqa          
 2) gmp/6.2.1-gcc-8.5.0-lrpcvy5                  
 3) mpfr/4.2.1-gcc-8.5.0-ybeybcx                 
 4) mpc/1.3.1-gcc-8.5.0-cv2gjfw                  
 5) zlib-ng/2.1.6-gcc-8.5.0-ztbc5xt              
 6) zstd/1.5.5-gcc-8.5.0-azepnn7                 
 7) gcc/13.2.0-gcc-8.5.0-5hqhkwo                 
 8) libpciaccess/0.17-gcc-8.5.0-ng764nd          
 9) libiconv/1.17-gcc-8.5.0-rznbc3y              
10) xz/5.4.6-gcc-8.5.0-lmjjipf                   
11) libxml2/2.10.3-gcc-8.5.0-7kur2mf             
12) ncurses/6.4-gcc-8.5.0-njp6ntc                
13) hwloc/2.9.1-gcc-8.5.0-adhoagt                
14) intel-tbb/2021.9.0-gcc-8.5.0-momvuhw         
15) intel-oneapi-mkl/2024.0.0-gcc-8.5.0-3sxfbl3  
==== benchmark-naive ======================
# Description:	Naive, three-loop dgemm.

Size:       31	Gflop/s:     1.56	Percentage:    4.24
Size:       32	Gflop/s:     1.40	Percentage:    3.80
Size:       96	Gflop/s:     1.12	Percentage:    3.06
Size:       97	Gflop/s:     1.25	Percentage:    3.39
Size:      127	Gflop/s:     1.19	Percentage:    3.24
Size:      128	Gflop/s:     1.07	Percentage:    2.90
Size:      129	Gflop/s:     1.19	Percentage:    3.24
Size:      191	Gflop/s:     1.10	Percentage:    3.00
Size:      192	Gflop/s:     1.06	Percentage:    2.89
Size:      229	Gflop/s:     1.09	Percentage:    2.97
Size:      255	Gflop/s:     1.09	Percentage:    2.95
Size:      256	Gflop/s:     0.76	Percentage:    2.08
Size:      257	Gflop/s:     1.09	Percentage:    2.95
Size:      319	Gflop/s:     1.06	Percentage:    2.89
Size:      320	Gflop/s:     1.04	Percentage:    2.84
Size:      321	Gflop/s:     1.06	Percentage:    2.89
Size:      417	Gflop/s:     1.06	Percentage:    2.88
Size:      479	Gflop/s:     1.06	Percentage:    2.87
Size:      480	Gflop/s:     1.05	Percentage:    2.84
Size:      511	Gflop/s:     1.05	Percentage:    2.86
Size:      512	Gflop/s:     0.63	Percentage:    1.73
Size:      639	Gflop/s:     1.05	Percentage:    2.85
Size:      640	Gflop/s:     0.78	Percentage:    2.11
Size:      767	Gflop/s:     1.05	Percentage:    2.85
Size:      768	Gflop/s:     0.76	Percentage:    2.07
Size:      769	Gflop/s:     1.05	Percentage:    2.85
Size:      800	Gflop/s:     1.04	Percentage:    2.83
Size:      900	Gflop/s:     1.05	Percentage:    2.84
Size:     1000	Gflop/s:     1.04	Percentage:    2.84
Size:     1100	Gflop/s:     1.04	Percentage:    2.83
Size:     1200	Gflop/s:     1.04	Percentage:    2.83
# Average percentage of peak performance = 2.88421

==== benchmark-blas =======================
# Description:	Reference dgemm.

Size:       31	Gflop/s:    25.61	Percentage:   69.60
Size:       32	Gflop/s:    28.19	Percentage:   76.60
Size:       96	Gflop/s:    32.10	Percentage:   87.22
Size:       97	Gflop/s:    31.49	Percentage:   85.57
Size:      127	Gflop/s:    29.74	Percentage:   80.82
Size:      128	Gflop/s:    31.63	Percentage:   85.95
Size:      129	Gflop/s:    31.03	Percentage:   84.33
Size:      191	Gflop/s:    31.91	Percentage:   86.71
Size:      192	Gflop/s:    34.54	Percentage:   93.86
Size:      229	Gflop/s:    34.37	Percentage:   93.39
Size:      255	Gflop/s:    33.63	Percentage:   91.38
Size:      256	Gflop/s:    34.60	Percentage:   94.02
Size:      257	Gflop/s:    33.36	Percentage:   90.66
Size:      319	Gflop/s:    34.11	Percentage:   92.70
Size:      320	Gflop/s:    35.49	Percentage:   96.44
Size:      321	Gflop/s:    35.21	Percentage:   95.67
Size:      417	Gflop/s:    35.86	Percentage:   97.45
Size:      479	Gflop/s:    35.99	Percentage:   97.81
Size:      480	Gflop/s:    37.15	Percentage:  100.94
Size:      511	Gflop/s:    35.06	Percentage:   95.26
Size:      512	Gflop/s:    35.32	Percentage:   95.99
Size:      639	Gflop/s:    36.74	Percentage:   99.84
Size:      640	Gflop/s:    37.22	Percentage:  101.14
Size:      767	Gflop/s:    36.87	Percentage:  100.19
Size:      768	Gflop/s:    37.66	Percentage:  102.35
Size:      769	Gflop/s:    36.63	Percentage:   99.54
Size:      800	Gflop/s:    37.72	Percentage:  102.49
Size:      900	Gflop/s:    37.74	Percentage:  102.55
Size:     1000	Gflop/s:    37.67	Percentage:  102.36
Size:     1100	Gflop/s:    37.45	Percentage:  101.77
Size:     1200	Gflop/s:    37.62	Percentage:  102.24
# Average percentage of peak performance = 93.7687

==== benchmark-blocked ====================
# Description:	Blocked dgemm.

Size:       31	Gflop/s:     0.67	Percentage:    1.83
Size:       32	Gflop/s:     0.75	Percentage:    2.05
Size:       96	Gflop/s:     0.77	Percentage:    2.10
Size:       97	Gflop/s:     0.71	Percentage:    1.92
Size:      127	Gflop/s:     0.71	Percentage:    1.94
Size:      128	Gflop/s:     0.77	Percentage:    2.09
Size:      129	Gflop/s:     0.71	Percentage:    1.92
Size:      191	Gflop/s:     0.71	Percentage:    1.92
Size:      192	Gflop/s:     0.76	Percentage:    2.07
Size:      229	Gflop/s:     0.71	Percentage:    1.92
Size:      255	Gflop/s:     0.70	Percentage:    1.91
Size:      256	Gflop/s:     0.50	Percentage:    1.35
Size:      257	Gflop/s:     0.71	Percentage:    1.93
Size:      319	Gflop/s:     0.71	Percentage:    1.92
Size:      320	Gflop/s:     0.73	Percentage:    1.97
Size:      321	Gflop/s:     0.71	Percentage:    1.92
Size:      417	Gflop/s:     0.71	Percentage:    1.94
Size:      479	Gflop/s:     0.72	Percentage:    1.95
Size:      480	Gflop/s:     0.78	Percentage:    2.11
Size:      511	Gflop/s:     0.72	Percentage:    1.94
Size:      512	Gflop/s:     0.50	Percentage:    1.37
Size:      639	Gflop/s:     0.72	Percentage:    1.95
Size:      640	Gflop/s:     0.52	Percentage:    1.41
Size:      767	Gflop/s:     0.72	Percentage:    1.95
Size:      768	Gflop/s:     0.52	Percentage:    1.40
Size:      769	Gflop/s:     0.72	Percentage:    1.95
Size:      800	Gflop/s:     0.73	Percentage:    1.99
Size:      900	Gflop/s:     0.78	Percentage:    2.11
Size:     1000	Gflop/s:     0.78	Percentage:    2.11
Size:     1100	Gflop/s:     0.78	Percentage:    2.11
Size:     1200	Gflop/s:     0.77	Percentage:    2.10
# Average percentage of peak performance = 1.90834

==== benchmark-blocked-omp ====================
# Description:	Blocked dgemm + OpenMP

Size:       31	Gflop/s:     0.68	Percentage:    1.86
Size:       32	Gflop/s:     0.75	Percentage:    2.04
Size:       96	Gflop/s:     0.77	Percentage:    2.10
Size:       97	Gflop/s:     0.73	Percentage:    1.97
Size:      127	Gflop/s:     0.73	Percentage:    1.99
Size:      128	Gflop/s:     0.74	Percentage:    2.01
Size:      129	Gflop/s:     0.73	Percentage:    1.97
Size:      191	Gflop/s:     0.72	Percentage:    1.97
Size:      192	Gflop/s:     0.73	Percentage:    1.97
Size:      229	Gflop/s:     0.72	Percentage:    1.96
Size:      255	Gflop/s:     0.71	Percentage:    1.94
Size:      256	Gflop/s:     0.46	Percentage:    1.25
Size:      257	Gflop/s:     0.71	Percentage:    1.94
Size:      319	Gflop/s:     0.71	Percentage:    1.93
Size:      320	Gflop/s:     0.65	Percentage:    1.77
Size:      321	Gflop/s:     0.71	Percentage:    1.93
Size:      417	Gflop/s:     0.70	Percentage:    1.89
Size:      479	Gflop/s:     0.70	Percentage:    1.91
Size:      480	Gflop/s:     0.70	Percentage:    1.90
Size:      511	Gflop/s:     0.70	Percentage:    1.90
Size:      512	Gflop/s:     0.46	Percentage:    1.24
Size:      639	Gflop/s:     0.72	Percentage:    1.95
Size:      640	Gflop/s:     0.49	Percentage:    1.34
Size:      767	Gflop/s:     0.72	Percentage:    1.97
Size:      768	Gflop/s:     0.49	Percentage:    1.34
Size:      769	Gflop/s:     0.72	Percentage:    1.94
Size:      800	Gflop/s:     0.67	Percentage:    1.83
Size:      900	Gflop/s:     0.75	Percentage:    2.03
Size:     1000	Gflop/s:     0.75	Percentage:    2.03
Size:     1100	Gflop/s:     0.75	Percentage:    2.03
Size:     1200	Gflop/s:     0.73	Percentage:    1.99
# Average percentage of peak performance = 1.86763

==== plot results =========================
