Loading gcc/13.2.0-gcc-8.5.0-5hqhkwo
  Loading requirement: gcc-runtime/8.5.0-gcc-8.5.0-7fyorqa
    gmp/6.2.1-gcc-8.5.0-lrpcvy5 mpfr/4.2.1-gcc-8.5.0-ybeybcx
    mpc/1.3.1-gcc-8.5.0-cv2gjfw zlib-ng/2.1.6-gcc-8.5.0-ztbc5xt
    zstd/1.5.5-gcc-8.5.0-azepnn7
Building for 1024x1024
rm -f *.o mandel_seq
/apps/spack/opt/spack/linux-oracle8-haswell/gcc-8.5.0/gcc-13.2.0-5hqhkwos6l3mv7jxsxpwiab7zpjpimxr/bin/gcc -c -O3 -fopenmp  -DIMAGE_WIDTH=1024 -DIMAGE_HEIGHT=1024 mandel_seq.c
/apps/spack/opt/spack/linux-oracle8-haswell/gcc-8.5.0/gcc-13.2.0-5hqhkwos6l3mv7jxsxpwiab7zpjpimxr/bin/gcc -c -O3 -fopenmp  pngwriter.c
/apps/spack/opt/spack/linux-oracle8-haswell/gcc-8.5.0/gcc-13.2.0-5hqhkwos6l3mv7jxsxpwiab7zpjpimxr/bin/gcc -c -O3 -fopenmp  walltime.c
/apps/spack/opt/spack/linux-oracle8-haswell/gcc-8.5.0/gcc-13.2.0-5hqhkwos6l3mv7jxsxpwiab7zpjpimxr/bin/gcc -O3 -fopenmp  mandel_seq.o pngwriter.o walltime.o -lpng -o mandel_seq
Running size=1024x1024, threads=1
Running size=1024x1024, threads=2
Running size=1024x1024, threads=4
Running size=1024x1024, threads=8
Running size=1024x1024, threads=16
Running size=1024x1024, threads=20
Building for 2048x2048
rm -f *.o mandel_seq
/apps/spack/opt/spack/linux-oracle8-haswell/gcc-8.5.0/gcc-13.2.0-5hqhkwos6l3mv7jxsxpwiab7zpjpimxr/bin/gcc -c -O3 -fopenmp  -DIMAGE_WIDTH=2048 -DIMAGE_HEIGHT=2048 mandel_seq.c
/apps/spack/opt/spack/linux-oracle8-haswell/gcc-8.5.0/gcc-13.2.0-5hqhkwos6l3mv7jxsxpwiab7zpjpimxr/bin/gcc -c -O3 -fopenmp  pngwriter.c
/apps/spack/opt/spack/linux-oracle8-haswell/gcc-8.5.0/gcc-13.2.0-5hqhkwos6l3mv7jxsxpwiab7zpjpimxr/bin/gcc -c -O3 -fopenmp  walltime.c
/apps/spack/opt/spack/linux-oracle8-haswell/gcc-8.5.0/gcc-13.2.0-5hqhkwos6l3mv7jxsxpwiab7zpjpimxr/bin/gcc -O3 -fopenmp  mandel_seq.o pngwriter.o walltime.o -lpng -o mandel_seq
Running size=2048x2048, threads=1
Running size=2048x2048, threads=2
Running size=2048x2048, threads=4
Running size=2048x2048, threads=8
Running size=2048x2048, threads=16
Running size=2048x2048, threads=20
Building for 4096x4096
rm -f *.o mandel_seq
/apps/spack/opt/spack/linux-oracle8-haswell/gcc-8.5.0/gcc-13.2.0-5hqhkwos6l3mv7jxsxpwiab7zpjpimxr/bin/gcc -c -O3 -fopenmp  -DIMAGE_WIDTH=4096 -DIMAGE_HEIGHT=4096 mandel_seq.c
/apps/spack/opt/spack/linux-oracle8-haswell/gcc-8.5.0/gcc-13.2.0-5hqhkwos6l3mv7jxsxpwiab7zpjpimxr/bin/gcc -c -O3 -fopenmp  pngwriter.c
/apps/spack/opt/spack/linux-oracle8-haswell/gcc-8.5.0/gcc-13.2.0-5hqhkwos6l3mv7jxsxpwiab7zpjpimxr/bin/gcc -c -O3 -fopenmp  walltime.c
/apps/spack/opt/spack/linux-oracle8-haswell/gcc-8.5.0/gcc-13.2.0-5hqhkwos6l3mv7jxsxpwiab7zpjpimxr/bin/gcc -O3 -fopenmp  mandel_seq.o pngwriter.o walltime.o -lpng -o mandel_seq
Running size=4096x4096, threads=1
Running size=4096x4096, threads=2
Running size=4096x4096, threads=4
Running size=4096x4096, threads=8
Running size=4096x4096, threads=16
Running size=4096x4096, threads=20
Building for 8192x8192
rm -f *.o mandel_seq
/apps/spack/opt/spack/linux-oracle8-haswell/gcc-8.5.0/gcc-13.2.0-5hqhkwos6l3mv7jxsxpwiab7zpjpimxr/bin/gcc -c -O3 -fopenmp  -DIMAGE_WIDTH=8192 -DIMAGE_HEIGHT=8192 mandel_seq.c
/apps/spack/opt/spack/linux-oracle8-haswell/gcc-8.5.0/gcc-13.2.0-5hqhkwos6l3mv7jxsxpwiab7zpjpimxr/bin/gcc -c -O3 -fopenmp  pngwriter.c
/apps/spack/opt/spack/linux-oracle8-haswell/gcc-8.5.0/gcc-13.2.0-5hqhkwos6l3mv7jxsxpwiab7zpjpimxr/bin/gcc -c -O3 -fopenmp  walltime.c
/apps/spack/opt/spack/linux-oracle8-haswell/gcc-8.5.0/gcc-13.2.0-5hqhkwos6l3mv7jxsxpwiab7zpjpimxr/bin/gcc -O3 -fopenmp  mandel_seq.o pngwriter.o walltime.o -lpng -o mandel_seq
Running size=8192x8192, threads=1
Running size=8192x8192, threads=2
Running size=8192x8192, threads=4
Running size=8192x8192, threads=8
Running size=8192x8192, threads=16
Running size=8192x8192, threads=20
