Number of threads = 12
Thread 1 starting...
Thread 2 starting...
Thread 5 starting...
Thread 4 starting...
Thread 6 starting...
Thread 7 starting...
Thread 9 starting...
Thread 3 starting...
Thread 10 starting...
Thread 0 starting...
Thread 8 starting...
Thread 11 starting...

Thread 5 did section 1. The results are:
0.000000e+00  1.000000e+00  4.000000e+00  9.000000e+00  1.600000e+01  
2.500000e+01  3.600000e+01  4.900000e+01  6.400000e+01  8.100000e+01  
1.000000e+02  1.210000e+02  1.440000e+02  1.690000e+02  1.960000e+02  
2.250000e+02  2.560000e+02  2.890000e+02  3.240000e+02  3.610000e+02  
4.000000e+02  4.410000e+02  4.840000e+02  5.290000e+02  5.760000e+02  
6.250000e+02  6.760000e+02  7.290000e+02  7.840000e+02  8.410000e+02  
9.000000e+02  9.610000e+02  1.024000e+03  1.089000e+03  1.156000e+03  
1.225000e+03  1.296000e+03  1.369000e+03  1.444000e+03  1.521000e+03  
1.600000e+03  1.681000e+03  1.764000e+03  1.849000e+03  1.936000e+03  
2.025000e+03  2.116000e+03  2.209000e+03  2.304000e+03  2.401000e+03  


Thread 1 did section 2. The results are:
0.000000e+00  2.000000e+00  4.000000e+00  6.000000e+00  8.000000e+00  
1.000000e+01  1.200000e+01  1.400000e+01  1.600000e+01  1.800000e+01  
2.000000e+01  2.200000e+01  2.400000e+01  2.600000e+01  2.800000e+01  
3.000000e+01  3.200000e+01  3.400000e+01  3.600000e+01  3.800000e+01  
4.000000e+01  4.200000e+01  4.400000e+01  4.600000e+01  4.800000e+01  
5.000000e+01  5.200000e+01  5.400000e+01  5.600000e+01  5.800000e+01  
6.000000e+01  6.200000e+01  6.400000e+01  6.600000e+01  6.800000e+01  
7.000000e+01  7.200000e+01  7.400000e+01  7.600000e+01  7.800000e+01  
8.000000e+01  8.200000e+01  8.400000e+01  8.600000e+01  8.800000e+01  
9.000000e+01  9.200000e+01  9.400000e+01  9.600000e+01  9.800000e+01  

Thread 8 exiting...
Thread 3 exiting...
Thread 11 exiting...
Thread 5 done and synchronized.
Thread 2 exiting...
Thread 4 exiting...
Thread 6 exiting...
Thread 0 exiting...
Thread 7 exiting...
Thread 1 done and synchronized.
Thread 9 exiting...
Thread 10 exiting...
Thread 5 exiting...
Thread 1 exiting...
