Loading gcc/13.2.0-gcc-8.5.0-5hqhkwo
  Loading requirement: gcc-runtime/8.5.0-gcc-8.5.0-7fyorqa
    gmp/6.2.1-gcc-8.5.0-lrpcvy5 mpfr/4.2.1-gcc-8.5.0-ybeybcx
    mpc/1.3.1-gcc-8.5.0-cv2gjfw zlib-ng/2.1.6-gcc-8.5.0-ztbc5xt
    zstd/1.5.5-gcc-8.5.0-azepnn7
rm -f main walltime.o   stats.o   data.o   operators.o   linalg.o   main.o output.*
/apps/spack/opt/spack/linux-oracle8-haswell/gcc-8.5.0/gcc-13.2.0-5hqhkwos6l3mv7jxsxpwiab7zpjpimxr/bin/g++ -O3 -fopenmp -c walltime.cpp 
/apps/spack/opt/spack/linux-oracle8-haswell/gcc-8.5.0/gcc-13.2.0-5hqhkwos6l3mv7jxsxpwiab7zpjpimxr/bin/g++ -O3 -fopenmp -c stats.cpp
/apps/spack/opt/spack/linux-oracle8-haswell/gcc-8.5.0/gcc-13.2.0-5hqhkwos6l3mv7jxsxpwiab7zpjpimxr/bin/g++ -O3 -fopenmp -c data.cpp
/apps/spack/opt/spack/linux-oracle8-haswell/gcc-8.5.0/gcc-13.2.0-5hqhkwos6l3mv7jxsxpwiab7zpjpimxr/bin/g++ -O3 -fopenmp -c operators.cpp
/apps/spack/opt/spack/linux-oracle8-haswell/gcc-8.5.0/gcc-13.2.0-5hqhkwos6l3mv7jxsxpwiab7zpjpimxr/bin/g++ -O3 -fopenmp -c linalg.cpp
/apps/spack/opt/spack/linux-oracle8-haswell/gcc-8.5.0/gcc-13.2.0-5hqhkwos6l3mv7jxsxpwiab7zpjpimxr/bin/g++ -O3 -fopenmp -c main.cpp
/apps/spack/opt/spack/linux-oracle8-haswell/gcc-8.5.0/gcc-13.2.0-5hqhkwos6l3mv7jxsxpwiab7zpjpimxr/bin/g++ -O3 -fopenmp walltime.o   stats.o   data.o   operators.o   linalg.o   main.o -o main 
==========================================
Running with N=64, NT=100, TF=0.005, threads=1
================================================================================
                      Welcome to mini-stencil!
version   :: C++ OpenMP
threads   :: 1
mesh      :: 64 * 64 dx = 0.015873
time      :: 100 time steps from 0 .. 0.005
iteration :: CG 300, Newton 50, tolerance 1e-06
================================================================================
--------------------------------------------------------------------------------
simulation took 0.0620344 seconds
1007 conjugate gradient iterations, at rate of 16232.9 iters/second
301 newton iterations
--------------------------------------------------------------------------------
### 1, 64, 100, 1007, 301, 0.0620344 ###
Goodbye!
==========================================
Running with N=64, NT=100, TF=0.005, threads=2
================================================================================
                      Welcome to mini-stencil!
version   :: C++ OpenMP
threads   :: 2
mesh      :: 64 * 64 dx = 0.015873
time      :: 100 time steps from 0 .. 0.005
iteration :: CG 300, Newton 50, tolerance 1e-06
================================================================================
--------------------------------------------------------------------------------
simulation took 0.054052 seconds
1007 conjugate gradient iterations, at rate of 18630.2 iters/second
301 newton iterations
--------------------------------------------------------------------------------
### 2, 64, 100, 1007, 301, 0.054052 ###
Goodbye!
==========================================
Running with N=64, NT=100, TF=0.005, threads=4
================================================================================
                      Welcome to mini-stencil!
version   :: C++ OpenMP
threads   :: 4
mesh      :: 64 * 64 dx = 0.015873
time      :: 100 time steps from 0 .. 0.005
iteration :: CG 300, Newton 50, tolerance 1e-06
================================================================================
--------------------------------------------------------------------------------
simulation took 0.0473613 seconds
1007 conjugate gradient iterations, at rate of 21262.1 iters/second
301 newton iterations
--------------------------------------------------------------------------------
### 4, 64, 100, 1007, 301, 0.0473613 ###
Goodbye!
==========================================
Running with N=64, NT=100, TF=0.005, threads=8
================================================================================
                      Welcome to mini-stencil!
version   :: C++ OpenMP
threads   :: 8
mesh      :: 64 * 64 dx = 0.015873
time      :: 100 time steps from 0 .. 0.005
iteration :: CG 300, Newton 50, tolerance 1e-06
================================================================================
--------------------------------------------------------------------------------
simulation took 0.0498402 seconds
1007 conjugate gradient iterations, at rate of 20204.6 iters/second
301 newton iterations
--------------------------------------------------------------------------------
### 8, 64, 100, 1007, 301, 0.0498402 ###
Goodbye!
==========================================
Running with N=64, NT=100, TF=0.005, threads=16
================================================================================
                      Welcome to mini-stencil!
version   :: C++ OpenMP
threads   :: 16
mesh      :: 64 * 64 dx = 0.015873
time      :: 100 time steps from 0 .. 0.005
iteration :: CG 300, Newton 50, tolerance 1e-06
================================================================================
--------------------------------------------------------------------------------
simulation took 0.363246 seconds
1007 conjugate gradient iterations, at rate of 2772.22 iters/second
301 newton iterations
--------------------------------------------------------------------------------
### 16, 64, 100, 1007, 301, 0.363246 ###
Goodbye!
==========================================
Running with N=128, NT=100, TF=0.005, threads=1
================================================================================
                      Welcome to mini-stencil!
version   :: C++ OpenMP
threads   :: 1
mesh      :: 128 * 128 dx = 0.00787402
time      :: 100 time steps from 0 .. 0.005
iteration :: CG 300, Newton 50, tolerance 1e-06
================================================================================
--------------------------------------------------------------------------------
simulation took 0.346694 seconds
1513 conjugate gradient iterations, at rate of 4364.08 iters/second
300 newton iterations
--------------------------------------------------------------------------------
### 1, 128, 100, 1513, 300, 0.346694 ###
Goodbye!
==========================================
Running with N=128, NT=100, TF=0.005, threads=2
================================================================================
                      Welcome to mini-stencil!
version   :: C++ OpenMP
threads   :: 2
mesh      :: 128 * 128 dx = 0.00787402
time      :: 100 time steps from 0 .. 0.005
iteration :: CG 300, Newton 50, tolerance 1e-06
================================================================================
--------------------------------------------------------------------------------
simulation took 0.202195 seconds
1512 conjugate gradient iterations, at rate of 7477.93 iters/second
300 newton iterations
--------------------------------------------------------------------------------
### 2, 128, 100, 1512, 300, 0.202195 ###
Goodbye!
==========================================
Running with N=128, NT=100, TF=0.005, threads=4
================================================================================
                      Welcome to mini-stencil!
version   :: C++ OpenMP
threads   :: 4
mesh      :: 128 * 128 dx = 0.00787402
time      :: 100 time steps from 0 .. 0.005
iteration :: CG 300, Newton 50, tolerance 1e-06
================================================================================
--------------------------------------------------------------------------------
simulation took 0.125513 seconds
1513 conjugate gradient iterations, at rate of 12054.5 iters/second
300 newton iterations
--------------------------------------------------------------------------------
### 4, 128, 100, 1513, 300, 0.125513 ###
Goodbye!
==========================================
Running with N=128, NT=100, TF=0.005, threads=8
================================================================================
                      Welcome to mini-stencil!
version   :: C++ OpenMP
threads   :: 8
mesh      :: 128 * 128 dx = 0.00787402
time      :: 100 time steps from 0 .. 0.005
iteration :: CG 300, Newton 50, tolerance 1e-06
================================================================================
--------------------------------------------------------------------------------
simulation took 0.116284 seconds
1512 conjugate gradient iterations, at rate of 13002.7 iters/second
300 newton iterations
--------------------------------------------------------------------------------
### 8, 128, 100, 1512, 300, 0.116284 ###
Goodbye!
==========================================
Running with N=128, NT=100, TF=0.005, threads=16
================================================================================
                      Welcome to mini-stencil!
version   :: C++ OpenMP
threads   :: 16
mesh      :: 128 * 128 dx = 0.00787402
time      :: 100 time steps from 0 .. 0.005
iteration :: CG 300, Newton 50, tolerance 1e-06
================================================================================
--------------------------------------------------------------------------------
simulation took 0.339159 seconds
1512 conjugate gradient iterations, at rate of 4458.08 iters/second
300 newton iterations
--------------------------------------------------------------------------------
### 16, 128, 100, 1512, 300, 0.339159 ###
Goodbye!
==========================================
Running with N=256, NT=100, TF=0.005, threads=1
================================================================================
                      Welcome to mini-stencil!
version   :: C++ OpenMP
threads   :: 1
mesh      :: 256 * 256 dx = 0.00392157
time      :: 100 time steps from 0 .. 0.005
iteration :: CG 300, Newton 50, tolerance 1e-06
================================================================================
--------------------------------------------------------------------------------
simulation took 2.34056 seconds
2782 conjugate gradient iterations, at rate of 1188.61 iters/second
300 newton iterations
--------------------------------------------------------------------------------
### 1, 256, 100, 2782, 300, 2.34056 ###
Goodbye!
==========================================
Running with N=256, NT=100, TF=0.005, threads=2
================================================================================
                      Welcome to mini-stencil!
version   :: C++ OpenMP
threads   :: 2
mesh      :: 256 * 256 dx = 0.00392157
time      :: 100 time steps from 0 .. 0.005
iteration :: CG 300, Newton 50, tolerance 1e-06
================================================================================
--------------------------------------------------------------------------------
simulation took 1.18625 seconds
2783 conjugate gradient iterations, at rate of 2346.06 iters/second
300 newton iterations
--------------------------------------------------------------------------------
### 2, 256, 100, 2783, 300, 1.18625 ###
Goodbye!
==========================================
Running with N=256, NT=100, TF=0.005, threads=4
================================================================================
                      Welcome to mini-stencil!
version   :: C++ OpenMP
threads   :: 4
mesh      :: 256 * 256 dx = 0.00392157
time      :: 100 time steps from 0 .. 0.005
iteration :: CG 300, Newton 50, tolerance 1e-06
================================================================================
--------------------------------------------------------------------------------
simulation took 0.670435 seconds
2783 conjugate gradient iterations, at rate of 4151.04 iters/second
300 newton iterations
--------------------------------------------------------------------------------
### 4, 256, 100, 2783, 300, 0.670435 ###
Goodbye!
==========================================
Running with N=256, NT=100, TF=0.005, threads=8
================================================================================
                      Welcome to mini-stencil!
version   :: C++ OpenMP
threads   :: 8
mesh      :: 256 * 256 dx = 0.00392157
time      :: 100 time steps from 0 .. 0.005
iteration :: CG 300, Newton 50, tolerance 1e-06
================================================================================
--------------------------------------------------------------------------------
simulation took 0.419567 seconds
2781 conjugate gradient iterations, at rate of 6628.27 iters/second
300 newton iterations
--------------------------------------------------------------------------------
### 8, 256, 100, 2781, 300, 0.419567 ###
Goodbye!
==========================================
Running with N=256, NT=100, TF=0.005, threads=16
================================================================================
                      Welcome to mini-stencil!
version   :: C++ OpenMP
threads   :: 16
mesh      :: 256 * 256 dx = 0.00392157
time      :: 100 time steps from 0 .. 0.005
iteration :: CG 300, Newton 50, tolerance 1e-06
================================================================================
--------------------------------------------------------------------------------
simulation took 0.345784 seconds
2783 conjugate gradient iterations, at rate of 8048.38 iters/second
300 newton iterations
--------------------------------------------------------------------------------
### 16, 256, 100, 2783, 300, 0.345784 ###
Goodbye!
==========================================
Running with N=512, NT=100, TF=0.005, threads=1
================================================================================
                      Welcome to mini-stencil!
version   :: C++ OpenMP
threads   :: 1
mesh      :: 512 * 512 dx = 0.00195695
time      :: 100 time steps from 0 .. 0.005
iteration :: CG 300, Newton 50, tolerance 1e-06
================================================================================
--------------------------------------------------------------------------------
simulation took 17.4332 seconds
5367 conjugate gradient iterations, at rate of 307.86 iters/second
300 newton iterations
--------------------------------------------------------------------------------
### 1, 512, 100, 5367, 300, 17.4332 ###
Goodbye!
==========================================
Running with N=512, NT=100, TF=0.005, threads=2
================================================================================
                      Welcome to mini-stencil!
version   :: C++ OpenMP
threads   :: 2
mesh      :: 512 * 512 dx = 0.00195695
time      :: 100 time steps from 0 .. 0.005
iteration :: CG 300, Newton 50, tolerance 1e-06
================================================================================
--------------------------------------------------------------------------------
simulation took 8.74232 seconds
5362 conjugate gradient iterations, at rate of 613.338 iters/second
300 newton iterations
--------------------------------------------------------------------------------
### 2, 512, 100, 5362, 300, 8.74232 ###
Goodbye!
==========================================
Running with N=512, NT=100, TF=0.005, threads=4
================================================================================
                      Welcome to mini-stencil!
version   :: C++ OpenMP
threads   :: 4
mesh      :: 512 * 512 dx = 0.00195695
time      :: 100 time steps from 0 .. 0.005
iteration :: CG 300, Newton 50, tolerance 1e-06
================================================================================
--------------------------------------------------------------------------------
simulation took 4.55778 seconds
5357 conjugate gradient iterations, at rate of 1175.35 iters/second
300 newton iterations
--------------------------------------------------------------------------------
### 4, 512, 100, 5357, 300, 4.55778 ###
Goodbye!
==========================================
Running with N=512, NT=100, TF=0.005, threads=8
================================================================================
                      Welcome to mini-stencil!
version   :: C++ OpenMP
threads   :: 8
mesh      :: 512 * 512 dx = 0.00195695
time      :: 100 time steps from 0 .. 0.005
iteration :: CG 300, Newton 50, tolerance 1e-06
================================================================================
--------------------------------------------------------------------------------
simulation took 2.55973 seconds
5366 conjugate gradient iterations, at rate of 2096.31 iters/second
300 newton iterations
--------------------------------------------------------------------------------
### 8, 512, 100, 5366, 300, 2.55973 ###
Goodbye!
==========================================
Running with N=512, NT=100, TF=0.005, threads=16
================================================================================
                      Welcome to mini-stencil!
version   :: C++ OpenMP
threads   :: 16
mesh      :: 512 * 512 dx = 0.00195695
time      :: 100 time steps from 0 .. 0.005
iteration :: CG 300, Newton 50, tolerance 1e-06
================================================================================
--------------------------------------------------------------------------------
simulation took 1.59007 seconds
5360 conjugate gradient iterations, at rate of 3370.91 iters/second
300 newton iterations
--------------------------------------------------------------------------------
### 16, 512, 100, 5360, 300, 1.59007 ###
Goodbye!
==========================================
Running with N=1024, NT=100, TF=0.005, threads=1
================================================================================
                      Welcome to mini-stencil!
version   :: C++ OpenMP
threads   :: 1
mesh      :: 1024 * 1024 dx = 0.000977517
time      :: 100 time steps from 0 .. 0.005
iteration :: CG 300, Newton 50, tolerance 1e-06
================================================================================
--------------------------------------------------------------------------------
simulation took 164.729 seconds
10543 conjugate gradient iterations, at rate of 64.0022 iters/second
305 newton iterations
--------------------------------------------------------------------------------
### 1, 1024, 100, 10543, 305, 164.729 ###
Goodbye!
==========================================
Running with N=1024, NT=100, TF=0.005, threads=2
================================================================================
                      Welcome to mini-stencil!
version   :: C++ OpenMP
threads   :: 2
mesh      :: 1024 * 1024 dx = 0.000977517
time      :: 100 time steps from 0 .. 0.005
iteration :: CG 300, Newton 50, tolerance 1e-06
================================================================================
--------------------------------------------------------------------------------
simulation took 79.2732 seconds
10476 conjugate gradient iterations, at rate of 132.151 iters/second
302 newton iterations
--------------------------------------------------------------------------------
### 2, 1024, 100, 10476, 302, 79.2732 ###
Goodbye!
==========================================
Running with N=1024, NT=100, TF=0.005, threads=4
================================================================================
                      Welcome to mini-stencil!
version   :: C++ OpenMP
threads   :: 4
mesh      :: 1024 * 1024 dx = 0.000977517
time      :: 100 time steps from 0 .. 0.005
iteration :: CG 300, Newton 50, tolerance 1e-06
================================================================================
--------------------------------------------------------------------------------
simulation took 40.617 seconds
10501 conjugate gradient iterations, at rate of 258.537 iters/second
303 newton iterations
--------------------------------------------------------------------------------
### 4, 1024, 100, 10501, 303, 40.617 ###
Goodbye!
==========================================
Running with N=1024, NT=100, TF=0.005, threads=8
================================================================================
                      Welcome to mini-stencil!
version   :: C++ OpenMP
threads   :: 8
mesh      :: 1024 * 1024 dx = 0.000977517
time      :: 100 time steps from 0 .. 0.005
iteration :: CG 300, Newton 50, tolerance 1e-06
================================================================================
--------------------------------------------------------------------------------
simulation took 25.2342 seconds
10503 conjugate gradient iterations, at rate of 416.221 iters/second
304 newton iterations
--------------------------------------------------------------------------------
### 8, 1024, 100, 10503, 304, 25.2342 ###
Goodbye!
==========================================
Running with N=1024, NT=100, TF=0.005, threads=16
================================================================================
                      Welcome to mini-stencil!
version   :: C++ OpenMP
threads   :: 16
mesh      :: 1024 * 1024 dx = 0.000977517
time      :: 100 time steps from 0 .. 0.005
iteration :: CG 300, Newton 50, tolerance 1e-06
================================================================================
--------------------------------------------------------------------------------
simulation took 30.0445 seconds
10539 conjugate gradient iterations, at rate of 350.78 iters/second
306 newton iterations
--------------------------------------------------------------------------------
### 16, 1024, 100, 10539, 306, 30.0445 ###
Goodbye!
ALL RUNS COMPLETED
