Loading gcc/13.2.0-gcc-8.5.0-5hqhkwo
  Loading requirement: gcc-runtime/8.5.0-gcc-8.5.0-7fyorqa
    gmp/6.2.1-gcc-8.5.0-lrpcvy5 mpfr/4.2.1-gcc-8.5.0-ybeybcx
    mpc/1.3.1-gcc-8.5.0-cv2gjfw zlib-ng/2.1.6-gcc-8.5.0-ztbc5xt
    zstd/1.5.5-gcc-8.5.0-azepnn7
rm -f main walltime.o   stats.o   data.o   operators.o   linalg.o   main.o output.*
/apps/spack/opt/spack/linux-oracle8-haswell/gcc-8.5.0/gcc-13.2.0-5hqhkwos6l3mv7jxsxpwiab7zpjpimxr/bin/g++ -O3 -fopenmp -c walltime.cpp 
/apps/spack/opt/spack/linux-oracle8-haswell/gcc-8.5.0/gcc-13.2.0-5hqhkwos6l3mv7jxsxpwiab7zpjpimxr/bin/g++ -O3 -fopenmp -c stats.cpp
/apps/spack/opt/spack/linux-oracle8-haswell/gcc-8.5.0/gcc-13.2.0-5hqhkwos6l3mv7jxsxpwiab7zpjpimxr/bin/g++ -O3 -fopenmp -c data.cpp
/apps/spack/opt/spack/linux-oracle8-haswell/gcc-8.5.0/gcc-13.2.0-5hqhkwos6l3mv7jxsxpwiab7zpjpimxr/bin/g++ -O3 -fopenmp -c operators.cpp
/apps/spack/opt/spack/linux-oracle8-haswell/gcc-8.5.0/gcc-13.2.0-5hqhkwos6l3mv7jxsxpwiab7zpjpimxr/bin/g++ -O3 -fopenmp -c linalg.cpp
/apps/spack/opt/spack/linux-oracle8-haswell/gcc-8.5.0/gcc-13.2.0-5hqhkwos6l3mv7jxsxpwiab7zpjpimxr/bin/g++ -O3 -fopenmp -c main.cpp
/apps/spack/opt/spack/linux-oracle8-haswell/gcc-8.5.0/gcc-13.2.0-5hqhkwos6l3mv7jxsxpwiab7zpjpimxr/bin/g++ -O3 -fopenmp walltime.o   stats.o   data.o   operators.o   linalg.o   main.o -o main 
==========================================
Running with N=64, NT=100, TF=0.005, threads=1
================================================================================
                      Welcome to mini-stencil!
version   :: C++ OpenMP
threads   :: 1
mesh      :: 64 * 64 dx = 0.015873
time      :: 100 time steps from 0 .. 0.005
iteration :: CG 300, Newton 50, tolerance 1e-06
================================================================================
--------------------------------------------------------------------------------
simulation took 0.0619611 seconds
1007 conjugate gradient iterations, at rate of 16252.1 iters/second
301 newton iterations
--------------------------------------------------------------------------------
### 1, 64, 100, 1007, 301, 0.0619611 ###
Goodbye!
==========================================
Running with N=64, NT=100, TF=0.005, threads=2
================================================================================
                      Welcome to mini-stencil!
version   :: C++ OpenMP
threads   :: 2
mesh      :: 64 * 64 dx = 0.015873
time      :: 100 time steps from 0 .. 0.005
iteration :: CG 300, Newton 50, tolerance 1e-06
================================================================================
--------------------------------------------------------------------------------
simulation took 0.0536382 seconds
1007 conjugate gradient iterations, at rate of 18773.9 iters/second
301 newton iterations
--------------------------------------------------------------------------------
### 2, 64, 100, 1007, 301, 0.0536382 ###
Goodbye!
==========================================
Running with N=64, NT=100, TF=0.005, threads=4
================================================================================
                      Welcome to mini-stencil!
version   :: C++ OpenMP
threads   :: 4
mesh      :: 64 * 64 dx = 0.015873
time      :: 100 time steps from 0 .. 0.005
iteration :: CG 300, Newton 50, tolerance 1e-06
================================================================================
--------------------------------------------------------------------------------
simulation took 0.0470289 seconds
1007 conjugate gradient iterations, at rate of 21412.4 iters/second
301 newton iterations
--------------------------------------------------------------------------------
### 4, 64, 100, 1007, 301, 0.0470289 ###
Goodbye!
==========================================
Running with N=64, NT=100, TF=0.005, threads=8
================================================================================
                      Welcome to mini-stencil!
version   :: C++ OpenMP
threads   :: 8
mesh      :: 64 * 64 dx = 0.015873
time      :: 100 time steps from 0 .. 0.005
iteration :: CG 300, Newton 50, tolerance 1e-06
================================================================================
--------------------------------------------------------------------------------
simulation took 0.0540438 seconds
1007 conjugate gradient iterations, at rate of 18633 iters/second
301 newton iterations
--------------------------------------------------------------------------------
### 8, 64, 100, 1007, 301, 0.0540438 ###
Goodbye!
==========================================
Running with N=64, NT=100, TF=0.005, threads=16
================================================================================
                      Welcome to mini-stencil!
version   :: C++ OpenMP
threads   :: 16
mesh      :: 64 * 64 dx = 0.015873
time      :: 100 time steps from 0 .. 0.005
iteration :: CG 300, Newton 50, tolerance 1e-06
================================================================================
--------------------------------------------------------------------------------
simulation took 0.0810274 seconds
1007 conjugate gradient iterations, at rate of 12427.9 iters/second
301 newton iterations
--------------------------------------------------------------------------------
### 16, 64, 100, 1007, 301, 0.0810274 ###
Goodbye!
==========================================
Running with N=128, NT=100, TF=0.005, threads=1
================================================================================
                      Welcome to mini-stencil!
version   :: C++ OpenMP
threads   :: 1
mesh      :: 128 * 128 dx = 0.00787402
time      :: 100 time steps from 0 .. 0.005
iteration :: CG 300, Newton 50, tolerance 1e-06
================================================================================
--------------------------------------------------------------------------------
simulation took 0.346681 seconds
1513 conjugate gradient iterations, at rate of 4364.24 iters/second
300 newton iterations
--------------------------------------------------------------------------------
### 1, 128, 100, 1513, 300, 0.346681 ###
Goodbye!
==========================================
Running with N=128, NT=100, TF=0.005, threads=2
================================================================================
                      Welcome to mini-stencil!
version   :: C++ OpenMP
threads   :: 2
mesh      :: 128 * 128 dx = 0.00787402
time      :: 100 time steps from 0 .. 0.005
iteration :: CG 300, Newton 50, tolerance 1e-06
================================================================================
--------------------------------------------------------------------------------
simulation took 0.199745 seconds
1512 conjugate gradient iterations, at rate of 7569.65 iters/second
300 newton iterations
--------------------------------------------------------------------------------
### 2, 128, 100, 1512, 300, 0.199745 ###
Goodbye!
==========================================
Running with N=128, NT=100, TF=0.005, threads=4
================================================================================
                      Welcome to mini-stencil!
version   :: C++ OpenMP
threads   :: 4
mesh      :: 128 * 128 dx = 0.00787402
time      :: 100 time steps from 0 .. 0.005
iteration :: CG 300, Newton 50, tolerance 1e-06
================================================================================
--------------------------------------------------------------------------------
simulation took 0.130835 seconds
1513 conjugate gradient iterations, at rate of 11564.2 iters/second
300 newton iterations
--------------------------------------------------------------------------------
### 4, 128, 100, 1513, 300, 0.130835 ###
Goodbye!
==========================================
Running with N=128, NT=100, TF=0.005, threads=8
================================================================================
                      Welcome to mini-stencil!
version   :: C++ OpenMP
threads   :: 8
mesh      :: 128 * 128 dx = 0.00787402
time      :: 100 time steps from 0 .. 0.005
iteration :: CG 300, Newton 50, tolerance 1e-06
================================================================================
--------------------------------------------------------------------------------
simulation took 0.120101 seconds
1511 conjugate gradient iterations, at rate of 12581.1 iters/second
300 newton iterations
--------------------------------------------------------------------------------
### 8, 128, 100, 1511, 300, 0.120101 ###
Goodbye!
==========================================
Running with N=128, NT=100, TF=0.005, threads=16
================================================================================
                      Welcome to mini-stencil!
version   :: C++ OpenMP
threads   :: 16
mesh      :: 128 * 128 dx = 0.00787402
time      :: 100 time steps from 0 .. 0.005
iteration :: CG 300, Newton 50, tolerance 1e-06
================================================================================
--------------------------------------------------------------------------------
simulation took 0.145433 seconds
1515 conjugate gradient iterations, at rate of 10417.2 iters/second
300 newton iterations
--------------------------------------------------------------------------------
### 16, 128, 100, 1515, 300, 0.145433 ###
Goodbye!
==========================================
Running with N=256, NT=100, TF=0.005, threads=1
================================================================================
                      Welcome to mini-stencil!
version   :: C++ OpenMP
threads   :: 1
mesh      :: 256 * 256 dx = 0.00392157
time      :: 100 time steps from 0 .. 0.005
iteration :: CG 300, Newton 50, tolerance 1e-06
================================================================================
--------------------------------------------------------------------------------
simulation took 2.33797 seconds
2782 conjugate gradient iterations, at rate of 1189.92 iters/second
300 newton iterations
--------------------------------------------------------------------------------
### 1, 256, 100, 2782, 300, 2.33797 ###
Goodbye!
==========================================
Running with N=256, NT=100, TF=0.005, threads=2
================================================================================
                      Welcome to mini-stencil!
version   :: C++ OpenMP
threads   :: 2
mesh      :: 256 * 256 dx = 0.00392157
time      :: 100 time steps from 0 .. 0.005
iteration :: CG 300, Newton 50, tolerance 1e-06
================================================================================
--------------------------------------------------------------------------------
simulation took 1.22522 seconds
2783 conjugate gradient iterations, at rate of 2271.42 iters/second
300 newton iterations
--------------------------------------------------------------------------------
### 2, 256, 100, 2783, 300, 1.22522 ###
Goodbye!
==========================================
Running with N=256, NT=100, TF=0.005, threads=4
================================================================================
                      Welcome to mini-stencil!
version   :: C++ OpenMP
threads   :: 4
mesh      :: 256 * 256 dx = 0.00392157
time      :: 100 time steps from 0 .. 0.005
iteration :: CG 300, Newton 50, tolerance 1e-06
================================================================================
--------------------------------------------------------------------------------
simulation took 0.677836 seconds
2782 conjugate gradient iterations, at rate of 4104.24 iters/second
300 newton iterations
--------------------------------------------------------------------------------
### 4, 256, 100, 2782, 300, 0.677836 ###
Goodbye!
==========================================
Running with N=256, NT=100, TF=0.005, threads=8
================================================================================
                      Welcome to mini-stencil!
version   :: C++ OpenMP
threads   :: 8
mesh      :: 256 * 256 dx = 0.00392157
time      :: 100 time steps from 0 .. 0.005
iteration :: CG 300, Newton 50, tolerance 1e-06
================================================================================
--------------------------------------------------------------------------------
simulation took 0.432692 seconds
2779 conjugate gradient iterations, at rate of 6422.59 iters/second
300 newton iterations
--------------------------------------------------------------------------------
### 8, 256, 100, 2779, 300, 0.432692 ###
Goodbye!
==========================================
Running with N=256, NT=100, TF=0.005, threads=16
================================================================================
                      Welcome to mini-stencil!
version   :: C++ OpenMP
threads   :: 16
mesh      :: 256 * 256 dx = 0.00392157
time      :: 100 time steps from 0 .. 0.005
iteration :: CG 300, Newton 50, tolerance 1e-06
================================================================================
--------------------------------------------------------------------------------
simulation took 0.3574 seconds
2783 conjugate gradient iterations, at rate of 7786.79 iters/second
300 newton iterations
--------------------------------------------------------------------------------
### 16, 256, 100, 2783, 300, 0.3574 ###
Goodbye!
==========================================
Running with N=512, NT=100, TF=0.005, threads=1
================================================================================
                      Welcome to mini-stencil!
version   :: C++ OpenMP
threads   :: 1
mesh      :: 512 * 512 dx = 0.00195695
time      :: 100 time steps from 0 .. 0.005
iteration :: CG 300, Newton 50, tolerance 1e-06
================================================================================
--------------------------------------------------------------------------------
simulation took 17.7271 seconds
5367 conjugate gradient iterations, at rate of 302.758 iters/second
300 newton iterations
--------------------------------------------------------------------------------
### 1, 512, 100, 5367, 300, 17.7271 ###
Goodbye!
==========================================
Running with N=512, NT=100, TF=0.005, threads=2
================================================================================
                      Welcome to mini-stencil!
version   :: C++ OpenMP
threads   :: 2
mesh      :: 512 * 512 dx = 0.00195695
time      :: 100 time steps from 0 .. 0.005
iteration :: CG 300, Newton 50, tolerance 1e-06
================================================================================
--------------------------------------------------------------------------------
simulation took 8.71913 seconds
5362 conjugate gradient iterations, at rate of 614.969 iters/second
300 newton iterations
--------------------------------------------------------------------------------
### 2, 512, 100, 5362, 300, 8.71913 ###
Goodbye!
==========================================
Running with N=512, NT=100, TF=0.005, threads=4
================================================================================
                      Welcome to mini-stencil!
version   :: C++ OpenMP
threads   :: 4
mesh      :: 512 * 512 dx = 0.00195695
time      :: 100 time steps from 0 .. 0.005
iteration :: CG 300, Newton 50, tolerance 1e-06
================================================================================
--------------------------------------------------------------------------------
simulation took 4.5386 seconds
5362 conjugate gradient iterations, at rate of 1181.42 iters/second
300 newton iterations
--------------------------------------------------------------------------------
### 4, 512, 100, 5362, 300, 4.5386 ###
Goodbye!
==========================================
Running with N=512, NT=100, TF=0.005, threads=8
================================================================================
                      Welcome to mini-stencil!
version   :: C++ OpenMP
threads   :: 8
mesh      :: 512 * 512 dx = 0.00195695
time      :: 100 time steps from 0 .. 0.005
iteration :: CG 300, Newton 50, tolerance 1e-06
================================================================================
--------------------------------------------------------------------------------
simulation took 2.50307 seconds
5361 conjugate gradient iterations, at rate of 2141.77 iters/second
300 newton iterations
--------------------------------------------------------------------------------
### 8, 512, 100, 5361, 300, 2.50307 ###
Goodbye!
==========================================
Running with N=512, NT=100, TF=0.005, threads=16
================================================================================
                      Welcome to mini-stencil!
version   :: C++ OpenMP
threads   :: 16
mesh      :: 512 * 512 dx = 0.00195695
time      :: 100 time steps from 0 .. 0.005
iteration :: CG 300, Newton 50, tolerance 1e-06
================================================================================
--------------------------------------------------------------------------------
simulation took 1.60249 seconds
5360 conjugate gradient iterations, at rate of 3344.8 iters/second
300 newton iterations
--------------------------------------------------------------------------------
### 16, 512, 100, 5360, 300, 1.60249 ###
Goodbye!
==========================================
Running with N=1024, NT=100, TF=0.005, threads=1
================================================================================
                      Welcome to mini-stencil!
version   :: C++ OpenMP
threads   :: 1
mesh      :: 1024 * 1024 dx = 0.000977517
time      :: 100 time steps from 0 .. 0.005
iteration :: CG 300, Newton 50, tolerance 1e-06
================================================================================
--------------------------------------------------------------------------------
simulation took 165.107 seconds
10543 conjugate gradient iterations, at rate of 63.8554 iters/second
305 newton iterations
--------------------------------------------------------------------------------
### 1, 1024, 100, 10543, 305, 165.107 ###
Goodbye!
==========================================
Running with N=1024, NT=100, TF=0.005, threads=2
================================================================================
                      Welcome to mini-stencil!
version   :: C++ OpenMP
threads   :: 2
mesh      :: 1024 * 1024 dx = 0.000977517
time      :: 100 time steps from 0 .. 0.005
iteration :: CG 300, Newton 50, tolerance 1e-06
================================================================================
--------------------------------------------------------------------------------
simulation took 80.142 seconds
10476 conjugate gradient iterations, at rate of 130.718 iters/second
302 newton iterations
--------------------------------------------------------------------------------
### 2, 1024, 100, 10476, 302, 80.142 ###
Goodbye!
==========================================
Running with N=1024, NT=100, TF=0.005, threads=4
================================================================================
                      Welcome to mini-stencil!
version   :: C++ OpenMP
threads   :: 4
mesh      :: 1024 * 1024 dx = 0.000977517
time      :: 100 time steps from 0 .. 0.005
iteration :: CG 300, Newton 50, tolerance 1e-06
================================================================================
--------------------------------------------------------------------------------
simulation took 42.9891 seconds
10501 conjugate gradient iterations, at rate of 244.271 iters/second
304 newton iterations
--------------------------------------------------------------------------------
### 4, 1024, 100, 10501, 304, 42.9891 ###
Goodbye!
==========================================
Running with N=1024, NT=100, TF=0.005, threads=8
================================================================================
                      Welcome to mini-stencil!
version   :: C++ OpenMP
threads   :: 8
mesh      :: 1024 * 1024 dx = 0.000977517
time      :: 100 time steps from 0 .. 0.005
iteration :: CG 300, Newton 50, tolerance 1e-06
================================================================================
--------------------------------------------------------------------------------
simulation took 24.7066 seconds
10576 conjugate gradient iterations, at rate of 428.064 iters/second
307 newton iterations
--------------------------------------------------------------------------------
### 8, 1024, 100, 10576, 307, 24.7066 ###
Goodbye!
==========================================
Running with N=1024, NT=100, TF=0.005, threads=16
================================================================================
                      Welcome to mini-stencil!
version   :: C++ OpenMP
threads   :: 16
mesh      :: 1024 * 1024 dx = 0.000977517
time      :: 100 time steps from 0 .. 0.005
iteration :: CG 300, Newton 50, tolerance 1e-06
================================================================================
--------------------------------------------------------------------------------
simulation took 19.9912 seconds
10532 conjugate gradient iterations, at rate of 526.832 iters/second
304 newton iterations
--------------------------------------------------------------------------------
### 16, 1024, 100, 10532, 304, 19.9912 ###
Goodbye!
