Currently Loaded Modulefiles:
 1) gcc-runtime/8.5.0-gcc-8.5.0-7fyorqa          
 2) gmp/6.2.1-gcc-8.5.0-lrpcvy5                  
 3) mpfr/4.2.1-gcc-8.5.0-ybeybcx                 
 4) mpc/1.3.1-gcc-8.5.0-cv2gjfw                  
 5) zlib-ng/2.1.6-gcc-8.5.0-ztbc5xt              
 6) zstd/1.5.5-gcc-8.5.0-azepnn7                 
 7) gcc/13.2.0-gcc-8.5.0-5hqhkwo                 
 8) libpciaccess/0.17-gcc-8.5.0-ng764nd          
 9) libiconv/1.17-gcc-8.5.0-rznbc3y              
10) xz/5.4.6-gcc-8.5.0-lmjjipf                   
11) libxml2/2.10.3-gcc-8.5.0-7kur2mf             
12) ncurses/6.4-gcc-8.5.0-njp6ntc                
13) hwloc/2.9.1-gcc-8.5.0-adhoagt                
14) intel-tbb/2021.9.0-gcc-8.5.0-momvuhw         
15) intel-oneapi-mkl/2024.0.0-gcc-8.5.0-3sxfbl3  
==== benchmark-naive ======================
# Description:	Naive, three-loop dgemm.

Size:       31	Gflop/s:     1.56	Percentage:    4.24
Size:       32	Gflop/s:     1.38	Percentage:    3.76
Size:       96	Gflop/s:     1.13	Percentage:    3.07
Size:       97	Gflop/s:     1.25	Percentage:    3.39
Size:      127	Gflop/s:     1.19	Percentage:    3.24
Size:      128	Gflop/s:     1.07	Percentage:    2.90
Size:      129	Gflop/s:     1.19	Percentage:    3.24
Size:      191	Gflop/s:     1.11	Percentage:    3.01
Size:      192	Gflop/s:     1.06	Percentage:    2.89
Size:      229	Gflop/s:     1.09	Percentage:    2.97
Size:      255	Gflop/s:     1.09	Percentage:    2.95
Size:      256	Gflop/s:     0.75	Percentage:    2.04
Size:      257	Gflop/s:     1.09	Percentage:    2.95
Size:      319	Gflop/s:     1.06	Percentage:    2.89
Size:      320	Gflop/s:     1.04	Percentage:    2.84
Size:      321	Gflop/s:     1.06	Percentage:    2.89
Size:      417	Gflop/s:     1.06	Percentage:    2.88
Size:      479	Gflop/s:     1.06	Percentage:    2.87
Size:      480	Gflop/s:     1.05	Percentage:    2.85
Size:      511	Gflop/s:     1.05	Percentage:    2.86
Size:      512	Gflop/s:     0.62	Percentage:    1.70
Size:      639	Gflop/s:     1.05	Percentage:    2.85
Size:      640	Gflop/s:     0.78	Percentage:    2.11
Size:      767	Gflop/s:     1.05	Percentage:    2.85
Size:      768	Gflop/s:     0.76	Percentage:    2.06
Size:      769	Gflop/s:     1.05	Percentage:    2.85
Size:      800	Gflop/s:     1.04	Percentage:    2.83
Size:      900	Gflop/s:     1.05	Percentage:    2.84
Size:     1000	Gflop/s:     1.04	Percentage:    2.84
Size:     1100	Gflop/s:     1.04	Percentage:    2.83
Size:     1200	Gflop/s:     1.04	Percentage:    2.83
# Average percentage of peak performance = 2.88106

==== benchmark-blas =======================
# Description:	Reference dgemm.

Size:       31	Gflop/s:    25.66	Percentage:   69.74
Size:       32	Gflop/s:    28.20	Percentage:   76.64
Size:       96	Gflop/s:    32.40	Percentage:   88.05
Size:       97	Gflop/s:    31.56	Percentage:   85.77
Size:      127	Gflop/s:    29.69	Percentage:   80.67
Size:      128	Gflop/s:    31.46	Percentage:   85.49
Size:      129	Gflop/s:    31.43	Percentage:   85.41
Size:      191	Gflop/s:    31.98	Percentage:   86.90
Size:      192	Gflop/s:    34.51	Percentage:   93.77
Size:      229	Gflop/s:    34.34	Percentage:   93.32
Size:      255	Gflop/s:    33.68	Percentage:   91.52
Size:      256	Gflop/s:    34.61	Percentage:   94.04
Size:      257	Gflop/s:    33.35	Percentage:   90.64
Size:      319	Gflop/s:    34.09	Percentage:   92.64
Size:      320	Gflop/s:    35.51	Percentage:   96.50
Size:      321	Gflop/s:    35.20	Percentage:   95.65
Size:      417	Gflop/s:    35.89	Percentage:   97.52
Size:      479	Gflop/s:    35.99	Percentage:   97.81
Size:      480	Gflop/s:    37.10	Percentage:  100.81
Size:      511	Gflop/s:    35.01	Percentage:   95.14
Size:      512	Gflop/s:    35.27	Percentage:   95.85
Size:      639	Gflop/s:    36.77	Percentage:   99.93
Size:      640	Gflop/s:    37.22	Percentage:  101.15
Size:      767	Gflop/s:    36.88	Percentage:  100.21
Size:      768	Gflop/s:    37.67	Percentage:  102.37
Size:      769	Gflop/s:    36.65	Percentage:   99.58
Size:      800	Gflop/s:    37.72	Percentage:  102.51
Size:      900	Gflop/s:    37.73	Percentage:  102.52
Size:     1000	Gflop/s:    37.74	Percentage:  102.56
Size:     1100	Gflop/s:    37.45	Percentage:  101.76
Size:     1200	Gflop/s:    37.64	Percentage:  102.28
# Average percentage of peak performance = 93.8307

==== benchmark-blocked ====================
# Description:	Blocked dgemm.

Size:       31	Gflop/s:     2.01	Percentage:    5.47
Size:       32	Gflop/s:     1.72	Percentage:    4.67
Size:       96	Gflop/s:     1.72	Percentage:    4.68
Size:       97	Gflop/s:     2.25	Percentage:    6.11
Size:      127	Gflop/s:     2.28	Percentage:    6.21
Size:      128	Gflop/s:     1.54	Percentage:    4.17
Size:      129	Gflop/s:     2.18	Percentage:    5.93
Size:      191	Gflop/s:     2.24	Percentage:    6.09
Size:      192	Gflop/s:     1.61	Percentage:    4.39
Size:      229	Gflop/s:     2.26	Percentage:    6.14
Size:      255	Gflop/s:     2.20	Percentage:    5.99
Size:      256	Gflop/s:     1.42	Percentage:    3.85
Size:      257	Gflop/s:     2.26	Percentage:    6.14
Size:      319	Gflop/s:     2.27	Percentage:    6.17
Size:      320	Gflop/s:     1.61	Percentage:    4.38
Size:      321	Gflop/s:     2.26	Percentage:    6.14
Size:      417	Gflop/s:     2.30	Percentage:    6.24
Size:      479	Gflop/s:     2.29	Percentage:    6.22
Size:      480	Gflop/s:     1.72	Percentage:    4.66
Size:      511	Gflop/s:     2.11	Percentage:    5.74
Size:      512	Gflop/s:     0.99	Percentage:    2.70
Size:      639	Gflop/s:     2.29	Percentage:    6.21
Size:      640	Gflop/s:     1.53	Percentage:    4.16
Size:      767	Gflop/s:     2.28	Percentage:    6.19
Size:      768	Gflop/s:     1.42	Percentage:    3.85
Size:      769	Gflop/s:     2.28	Percentage:    6.19
Size:      800	Gflop/s:     1.72	Percentage:    4.66
Size:      900	Gflop/s:     2.25	Percentage:    6.11
Size:     1000	Gflop/s:     2.13	Percentage:    5.78
Size:     1100	Gflop/s:     2.24	Percentage:    6.10
Size:     1200	Gflop/s:     1.92	Percentage:    5.21
# Average percentage of peak performance = 5.37272

==== plot results =========================
