Currently Loaded Modulefiles:
 1) gcc-runtime/8.5.0-gcc-8.5.0-7fyorqa          
 2) gmp/6.2.1-gcc-8.5.0-lrpcvy5                  
 3) mpfr/4.2.1-gcc-8.5.0-ybeybcx                 
 4) mpc/1.3.1-gcc-8.5.0-cv2gjfw                  
 5) zlib-ng/2.1.6-gcc-8.5.0-ztbc5xt              
 6) zstd/1.5.5-gcc-8.5.0-azepnn7                 
 7) gcc/13.2.0-gcc-8.5.0-5hqhkwo                 
 8) libpciaccess/0.17-gcc-8.5.0-ng764nd          
 9) libiconv/1.17-gcc-8.5.0-rznbc3y              
10) xz/5.4.6-gcc-8.5.0-lmjjipf                   
11) libxml2/2.10.3-gcc-8.5.0-7kur2mf             
12) ncurses/6.4-gcc-8.5.0-njp6ntc                
13) hwloc/2.9.1-gcc-8.5.0-adhoagt                
14) intel-tbb/2021.9.0-gcc-8.5.0-momvuhw         
15) intel-oneapi-mkl/2024.0.0-gcc-8.5.0-3sxfbl3  
==== benchmark-naive ======================
# Description:	Naive, three-loop dgemm.

Size:       31	Gflop/s:     1.56	Percentage:    4.24
Size:       32	Gflop/s:     1.40	Percentage:    3.80
Size:       96	Gflop/s:     1.13	Percentage:    3.07
Size:       97	Gflop/s:     1.25	Percentage:    3.39
Size:      127	Gflop/s:     1.19	Percentage:    3.24
Size:      128	Gflop/s:     1.07	Percentage:    2.90
Size:      129	Gflop/s:     1.19	Percentage:    3.24
Size:      191	Gflop/s:     1.11	Percentage:    3.01
Size:      192	Gflop/s:     1.06	Percentage:    2.89
Size:      229	Gflop/s:     1.09	Percentage:    2.97
Size:      255	Gflop/s:     1.09	Percentage:    2.95
Size:      256	Gflop/s:     0.75	Percentage:    2.04
Size:      257	Gflop/s:     1.09	Percentage:    2.95
Size:      319	Gflop/s:     1.06	Percentage:    2.89
Size:      320	Gflop/s:     1.05	Percentage:    2.84
Size:      321	Gflop/s:     1.06	Percentage:    2.89
Size:      417	Gflop/s:     1.06	Percentage:    2.87
Size:      479	Gflop/s:     1.06	Percentage:    2.87
Size:      480	Gflop/s:     1.05	Percentage:    2.85
Size:      511	Gflop/s:     1.05	Percentage:    2.86
Size:      512	Gflop/s:     0.63	Percentage:    1.70
Size:      639	Gflop/s:     1.05	Percentage:    2.85
Size:      640	Gflop/s:     0.78	Percentage:    2.11
Size:      767	Gflop/s:     1.05	Percentage:    2.85
Size:      768	Gflop/s:     0.76	Percentage:    2.06
Size:      769	Gflop/s:     1.05	Percentage:    2.85
Size:      800	Gflop/s:     1.04	Percentage:    2.83
Size:      900	Gflop/s:     1.05	Percentage:    2.84
Size:     1000	Gflop/s:     1.04	Percentage:    2.84
Size:     1100	Gflop/s:     1.04	Percentage:    2.83
Size:     1200	Gflop/s:     1.04	Percentage:    2.83
# Average percentage of peak performance = 2.88224

==== benchmark-blas =======================
# Description:	Reference dgemm.

Size:       31	Gflop/s:    25.56	Percentage:   69.45
Size:       32	Gflop/s:    28.14	Percentage:   76.47
Size:       96	Gflop/s:    32.27	Percentage:   87.68
Size:       97	Gflop/s:    31.57	Percentage:   85.79
Size:      127	Gflop/s:    29.83	Percentage:   81.07
Size:      128	Gflop/s:    31.66	Percentage:   86.04
Size:      129	Gflop/s:    31.42	Percentage:   85.39
Size:      191	Gflop/s:    31.99	Percentage:   86.92
Size:      192	Gflop/s:    34.54	Percentage:   93.85
Size:      229	Gflop/s:    34.35	Percentage:   93.35
Size:      255	Gflop/s:    33.65	Percentage:   91.43
Size:      256	Gflop/s:    34.61	Percentage:   94.05
Size:      257	Gflop/s:    33.44	Percentage:   90.87
Size:      319	Gflop/s:    34.14	Percentage:   92.78
Size:      320	Gflop/s:    35.48	Percentage:   96.42
Size:      321	Gflop/s:    35.24	Percentage:   95.76
Size:      417	Gflop/s:    35.91	Percentage:   97.58
Size:      479	Gflop/s:    35.93	Percentage:   97.63
Size:      480	Gflop/s:    37.07	Percentage:  100.74
Size:      511	Gflop/s:    35.06	Percentage:   95.28
Size:      512	Gflop/s:    35.28	Percentage:   95.88
Size:      639	Gflop/s:    36.74	Percentage:   99.84
Size:      640	Gflop/s:    37.16	Percentage:  100.97
Size:      767	Gflop/s:    36.90	Percentage:  100.26
Size:      768	Gflop/s:    37.64	Percentage:  102.30
Size:      769	Gflop/s:    36.64	Percentage:   99.57
Size:      800	Gflop/s:    37.78	Percentage:  102.67
Size:      900	Gflop/s:    37.71	Percentage:  102.48
Size:     1000	Gflop/s:    37.68	Percentage:  102.40
Size:     1100	Gflop/s:    37.46	Percentage:  101.80
Size:     1200	Gflop/s:    37.66	Percentage:  102.33
# Average percentage of peak performance = 93.8403

==== benchmark-blocked ====================
# Description:	Blocked dgemm.

Size:       31	Gflop/s:     2.77	Percentage:    7.53
Size:       32	Gflop/s:     2.77	Percentage:    7.54
Size:       96	Gflop/s:     2.75	Percentage:    7.48
Size:       97	Gflop/s:     2.76	Percentage:    7.51
Size:      127	Gflop/s:     2.87	Percentage:    7.80
Size:      128	Gflop/s:     2.34	Percentage:    6.36
Size:      129	Gflop/s:     2.69	Percentage:    7.32
Size:      191	Gflop/s:     2.82	Percentage:    7.66
Size:      192	Gflop/s:     2.53	Percentage:    6.87
Size:      229	Gflop/s:     2.77	Percentage:    7.54
Size:      255	Gflop/s:     2.71	Percentage:    7.37
Size:      256	Gflop/s:     1.79	Percentage:    4.85
Size:      257	Gflop/s:     2.81	Percentage:    7.65
Size:      319	Gflop/s:     2.82	Percentage:    7.67
Size:      320	Gflop/s:     2.50	Percentage:    6.79
Size:      321	Gflop/s:     2.79	Percentage:    7.58
Size:      417	Gflop/s:     2.81	Percentage:    7.62
Size:      479	Gflop/s:     2.82	Percentage:    7.66
Size:      480	Gflop/s:     2.72	Percentage:    7.38
Size:      511	Gflop/s:     2.51	Percentage:    6.82
Size:      512	Gflop/s:     1.26	Percentage:    3.43
Size:      639	Gflop/s:     2.77	Percentage:    7.53
Size:      640	Gflop/s:     2.29	Percentage:    6.23
Size:      767	Gflop/s:     2.70	Percentage:    7.35
Size:      768	Gflop/s:     1.79	Percentage:    4.86
Size:      769	Gflop/s:     2.70	Percentage:    7.33
Size:      800	Gflop/s:     2.65	Percentage:    7.21
Size:      900	Gflop/s:     2.84	Percentage:    7.72
Size:     1000	Gflop/s:     2.82	Percentage:    7.66
Size:     1100	Gflop/s:     2.82	Percentage:    7.67
Size:     1200	Gflop/s:     2.75	Percentage:    7.47
# Average percentage of peak performance = 7.07978

==== plot results =========================
